#
# There is insufficient memory for the Java Runtime Environment to continue.
# Native memory allocation (mmap) failed to map 337641472 bytes for G1 virtual space
# Possible reasons:
#   The system is out of physical RAM or swap space
#   The process is running with CompressedOops enabled, and the Java Heap may be blocking the growth of the native heap
# Possible solutions:
#   Reduce memory load on the system
#   Increase physical memory or swap space
#   Check if swap backing store is full
#   Decrease Java heap size (-Xmx/-Xms)
#   Decrease number of Java threads
#   Decrease Java thread stack sizes (-Xss)
#   Set larger code cache with -XX:ReservedCodeCacheSize=
#   JVM is running with Unscaled Compressed Oops mode in which the Java heap is
#     placed in the first 4GB address space. The Java Heap base address is the
#     maximum limit for the native heap growth. Please use -XX:HeapBaseMinAddress
#     to set the Java Heap base and to place the Java Heap above 4GB virtual address.
# This output file may be truncated or incomplete.
#
#  Out of Memory Error (os_windows.cpp:3769), pid=11372, tid=10052
#
# JRE version: OpenJDK Runtime Environment (17.0.6) (build 17.0.6+0-b2043.56-9586694)
# Java VM: OpenJDK 64-Bit Server VM (17.0.6+0-b2043.56-9586694, mixed mode, tiered, compressed oops, compressed class ptrs, g1 gc, windows-amd64)
# No core dump will be written. Minidumps are not enabled by default on client versions of Windows
#

---------------  S U M M A R Y ------------

Command Line: --add-opens=java.base/java.util=ALL-UNNAMED --add-opens=java.base/java.lang=ALL-UNNAMED --add-opens=java.base/java.lang.invoke=ALL-UNNAMED --add-opens=java.prefs/java.util.prefs=ALL-UNNAMED --add-opens=java.base/java.nio.charset=ALL-UNNAMED --add-opens=java.base/java.net=ALL-UNNAMED --add-opens=java.base/java.util.concurrent.atomic=ALL-UNNAMED -Xmx2048m -Dfile.encoding=UTF-8 -Duser.country=US -Duser.language=en -Duser.variant org.gradle.launcher.daemon.bootstrap.GradleDaemon 8.0.2

Host: Intel(R) Core(TM) i5-7200U CPU @ 2.50GHz, 4 cores, 7G,  Windows 11 , 64 bit Build 22621 (10.0.22621.1778)
Time: Tue Jul  4 11:26:46 2023 South Africa Standard Time elapsed time: 49.183294 seconds (0d 0h 0m 49s)

---------------  T H R E A D  ---------------

Current thread (0x00000299c7e677c0):  VMThread "VM Thread" [stack: 0x000000f630f00000,0x000000f631000000] [id=10052]

Stack: [0x000000f630f00000,0x000000f631000000]
Native frames: (J=compiled Java code, j=interpreted, Vv=VM code, C=native code)
V  [jvm.dll+0x683b4a]
V  [jvm.dll+0x842654]
V  [jvm.dll+0x843dfe]
V  [jvm.dll+0x844463]
V  [jvm.dll+0x249b75]
V  [jvm.dll+0x680a19]
V  [jvm.dll+0x674f0a]
V  [jvm.dll+0x309acb]
V  [jvm.dll+0x310f86]
V  [jvm.dll+0x3608ee]
V  [jvm.dll+0x360b1f]
V  [jvm.dll+0x2dfbf8]
V  [jvm.dll+0x2ddec4]
V  [jvm.dll+0x2dd4cc]
V  [jvm.dll+0x321f3b]
V  [jvm.dll+0x84893b]
V  [jvm.dll+0x849674]
V  [jvm.dll+0x849b8d]
V  [jvm.dll+0x849f64]
V  [jvm.dll+0x84a030]
V  [jvm.dll+0x7f25fa]
V  [jvm.dll+0x682985]
C  [ucrtbase.dll+0x29363]
C  [KERNEL32.DLL+0x126ad]
C  [ntdll.dll+0x5a9f8]

VM_Operation (0x000000f635df9700): G1CollectForAllocation, mode: safepoint, requested by thread 0x00000299c9642640


---------------  P R O C E S S  ---------------

Threads class SMR info:
_java_thread_list=0x00000299d57fd3b0, length=88, elements={
0x00000299ac917d70, 0x00000299c7e8c260, 0x00000299c7e8ce10, 0x00000299c7e9e0d0,
0x00000299c881a000, 0x00000299c881d070, 0x00000299c881d930, 0x00000299c881ee60,
0x00000299c88235a0, 0x00000299c8824730, 0x00000299c89aad10, 0x00000299c89af1f0,
0x00000299c9908570, 0x00000299c9908a40, 0x00000299c990bf30, 0x00000299c990abf0,
0x00000299c9909d80, 0x00000299c990b0c0, 0x00000299c990b590, 0x00000299c990a250,
0x00000299c990a720, 0x00000299c9908f10, 0x00000299c990ba60, 0x00000299c99093e0,
0x00000299c99098b0, 0x00000299ca11fb00, 0x00000299ca11e2f0, 0x00000299ca11ae00,
0x00000299ca11d480, 0x00000299ca11ffd0, 0x00000299ca121cb0, 0x00000299ca1204a0,
0x00000299ca121310, 0x00000299ca11cae0, 0x00000299ca11c610, 0x00000299ca11de20,
0x00000299ca11f630, 0x00000299ca11ec90, 0x00000299ca11b7a0, 0x00000299ca11bc70,
0x00000299ca120970, 0x00000299ca11b2d0, 0x00000299ca122180, 0x00000299ca120e40,
0x00000299ca122650, 0x00000299ca186400, 0x00000299ca1868d0, 0x00000299ca17f080,
0x00000299ca184250, 0x00000299ca185590, 0x00000299ca17f550, 0x00000299ca1803c0,
0x00000299ca1820a0, 0x00000299ca183d80, 0x00000299ca184bf0, 0x00000299ca17fa20,
0x00000299ca17fef0, 0x00000299ca180890, 0x00000299ca180d60, 0x00000299ca181230,
0x00000299ca184720, 0x00000299ca1833e0, 0x00000299ca181700, 0x00000299ca185a60,
0x00000299ca181bd0, 0x00000299ca1850c0, 0x00000299ca1838b0, 0x00000299ca182570,
0x00000299ca185f30, 0x00000299ca182a40, 0x00000299ca182f10, 0x00000299c9640490,
0x00000299c9645190, 0x00000299c9642640, 0x00000299c9641300, 0x00000299c963ffc0,
0x00000299c9646e70, 0x00000299c9642b10, 0x00000299c9640960, 0x00000299c96447f0,
0x00000299c9645b30, 0x00000299c9642170, 0x00000299c9643980, 0x00000299c963f620,
0x00000299c963faf0, 0x00000299c9643e50, 0x00000299d0620610, 0x00000299d061bde0
}

Java Threads: ( => current thread )
  0x00000299ac917d70 JavaThread "main" [_thread_blocked, id=14756, stack(0x000000f630900000,0x000000f630a00000)]
  0x00000299c7e8c260 JavaThread "Reference Handler" daemon [_thread_blocked, id=15300, stack(0x000000f631000000,0x000000f631100000)]
  0x00000299c7e8ce10 JavaThread "Finalizer" daemon [_thread_blocked, id=6664, stack(0x000000f631100000,0x000000f631200000)]
  0x00000299c7e9e0d0 JavaThread "Signal Dispatcher" daemon [_thread_blocked, id=8968, stack(0x000000f631200000,0x000000f631300000)]
  0x00000299c881a000 JavaThread "Attach Listener" daemon [_thread_blocked, id=1296, stack(0x000000f631300000,0x000000f631400000)]
  0x00000299c881d070 JavaThread "Service Thread" daemon [_thread_blocked, id=9924, stack(0x000000f631400000,0x000000f631500000)]
  0x00000299c881d930 JavaThread "Monitor Deflation Thread" daemon [_thread_blocked, id=2412, stack(0x000000f631500000,0x000000f631600000)]
  0x00000299c881ee60 JavaThread "C2 CompilerThread0" daemon [_thread_blocked, id=2980, stack(0x000000f631600000,0x000000f631700000)]
  0x00000299c88235a0 JavaThread "C1 CompilerThread0" daemon [_thread_blocked, id=8752, stack(0x000000f631700000,0x000000f631800000)]
  0x00000299c8824730 JavaThread "Sweeper thread" daemon [_thread_blocked, id=13588, stack(0x000000f631800000,0x000000f631900000)]
  0x00000299c89aad10 JavaThread "Common-Cleaner" daemon [_thread_blocked, id=14352, stack(0x000000f631900000,0x000000f631a00000)]
  0x00000299c89af1f0 JavaThread "Notification Thread" daemon [_thread_blocked, id=8956, stack(0x000000f631a00000,0x000000f631b00000)]
  0x00000299c9908570 JavaThread "Daemon health stats" [_thread_blocked, id=8392, stack(0x000000f631f00000,0x000000f632000000)]
  0x00000299c9908a40 JavaThread "Incoming local TCP Connector on port 13870" [_thread_in_native, id=5112, stack(0x000000f632000000,0x000000f632100000)]
  0x00000299c990bf30 JavaThread "Daemon periodic checks" [_thread_blocked, id=14860, stack(0x000000f632100000,0x000000f632200000)]
  0x00000299c990abf0 JavaThread "Daemon" [_thread_blocked, id=6704, stack(0x000000f632200000,0x000000f632300000)]
  0x00000299c9909d80 JavaThread "Handler for socket connection from /127.0.0.1:13870 to /127.0.0.1:13872" [_thread_in_native, id=3748, stack(0x000000f632300000,0x000000f632400000)]
  0x00000299c990b0c0 JavaThread "Cancel handler" [_thread_blocked, id=10916, stack(0x000000f632400000,0x000000f632500000)]
  0x00000299c990b590 JavaThread "Daemon worker" [_thread_blocked, id=14828, stack(0x000000f632500000,0x000000f632600000)]
  0x00000299c990a250 JavaThread "Asynchronous log dispatcher for DefaultDaemonConnection: socket connection from /127.0.0.1:13870 to /127.0.0.1:13872" [_thread_blocked, id=13640, stack(0x000000f632600000,0x000000f632700000)]
  0x00000299c990a720 JavaThread "Stdin handler" [_thread_blocked, id=2128, stack(0x000000f632700000,0x000000f632800000)]
  0x00000299c9908f10 JavaThread "Daemon client event forwarder" [_thread_blocked, id=15100, stack(0x000000f632800000,0x000000f632900000)]
  0x00000299c990ba60 JavaThread "Cache worker for journal cache (C:\Users\LUMBANI\.gradle\caches\journal-1)" [_thread_blocked, id=2308, stack(0x000000f632900000,0x000000f632a00000)]
  0x00000299c99093e0 JavaThread "File lock request listener" [_thread_in_native, id=3792, stack(0x000000f632a00000,0x000000f632b00000)]
  0x00000299c99098b0 JavaThread "Cache worker for file hash cache (C:\Users\LUMBANI\.gradle\caches\8.0.2\fileHashes)" [_thread_blocked, id=13088, stack(0x000000f632b00000,0x000000f632c00000)]
  0x00000299ca11fb00 JavaThread "File watcher server" daemon [_thread_in_native, id=13804, stack(0x000000f632c00000,0x000000f632d00000)]
  0x00000299ca11e2f0 JavaThread "File watcher consumer" daemon [_thread_blocked, id=12388, stack(0x000000f632d00000,0x000000f632e00000)]
  0x00000299ca11ae00 JavaThread "Cache worker for checksums cache (C:\Users\LUMBANI\AndroidStudioProjects\Google-Mail-UI-Clone\.gradle\8.0.2\checksums)" [_thread_blocked, id=15436, stack(0x000000f632e00000,0x000000f632f00000)]
  0x00000299ca11d480 JavaThread "Cache worker for cache directory md-rule (C:\Users\LUMBANI\.gradle\caches\8.0.2\md-rule)" [_thread_blocked, id=11228, stack(0x000000f632f00000,0x000000f633000000)]
  0x00000299ca11ffd0 JavaThread "Cache worker for file content cache (C:\Users\LUMBANI\.gradle\caches\8.0.2\fileContent)" [_thread_blocked, id=7816, stack(0x000000f633000000,0x000000f633100000)]
  0x00000299ca121cb0 JavaThread "Cache worker for file hash cache (C:\Users\LUMBANI\AndroidStudioProjects\Google-Mail-UI-Clone\.gradle\8.0.2\fileHashes)" [_thread_blocked, id=7944, stack(0x000000f633100000,0x000000f633200000)]
  0x00000299ca1204a0 JavaThread "Cache worker for cache directory md-supplier (C:\Users\LUMBANI\.gradle\caches\8.0.2\md-supplier)" [_thread_blocked, id=13136, stack(0x000000f633200000,0x000000f633300000)]
  0x00000299ca121310 JavaThread "Cache worker for execution history cache (C:\Users\LUMBANI\.gradle\caches\8.0.2\executionHistory)" [_thread_blocked, id=2568, stack(0x000000f633300000,0x000000f633400000)]
  0x00000299ca11cae0 JavaThread "jar transforms" [_thread_blocked, id=15596, stack(0x000000f633400000,0x000000f633500000)]
  0x00000299ca11c610 JavaThread "jar transforms Thread 2" [_thread_blocked, id=10344, stack(0x000000f633500000,0x000000f633600000)]
  0x00000299ca11de20 JavaThread "jar transforms Thread 3" [_thread_blocked, id=14992, stack(0x000000f633700000,0x000000f633800000)]
  0x00000299ca11f630 JavaThread "jar transforms Thread 4" [_thread_blocked, id=14416, stack(0x000000f633800000,0x000000f633900000)]
  0x00000299ca11ec90 JavaThread "Cache worker for dependencies-accessors (C:\Users\LUMBANI\AndroidStudioProjects\Google-Mail-UI-Clone\.gradle\8.0.2\dependencies-accessors)" [_thread_blocked, id=15296, stack(0x000000f633900000,0x000000f633a00000)]
  0x00000299ca11b7a0 JavaThread "Cache worker for Build Output Cleanup Cache (C:\Users\LUMBANI\AndroidStudioProjects\Google-Mail-UI-Clone\.gradle\buildOutputCleanup)" [_thread_blocked, id=13024, stack(0x000000f633a00000,0x000000f633b00000)]
  0x00000299ca11bc70 JavaThread "Unconstrained build operations" [_thread_blocked, id=5508, stack(0x000000f633b00000,0x000000f633c00000)]
  0x00000299ca120970 JavaThread "Unconstrained build operations Thread 2" [_thread_blocked, id=7744, stack(0x000000f633c00000,0x000000f633d00000)]
  0x00000299ca11b2d0 JavaThread "Unconstrained build operations Thread 3" [_thread_blocked, id=10924, stack(0x000000f633d00000,0x000000f633e00000)]
  0x00000299ca122180 JavaThread "Unconstrained build operations Thread 4" [_thread_blocked, id=15788, stack(0x000000f633e00000,0x000000f633f00000)]
  0x00000299ca120e40 JavaThread "Unconstrained build operations Thread 5" [_thread_blocked, id=7368, stack(0x000000f633f00000,0x000000f634000000)]
  0x00000299ca122650 JavaThread "Unconstrained build operations Thread 6" [_thread_blocked, id=1452, stack(0x000000f634000000,0x000000f634100000)]
  0x00000299ca186400 JavaThread "Unconstrained build operations Thread 7" [_thread_blocked, id=3220, stack(0x000000f634100000,0x000000f634200000)]
  0x00000299ca1868d0 JavaThread "Unconstrained build operations Thread 8" [_thread_blocked, id=15240, stack(0x000000f634200000,0x000000f634300000)]
  0x00000299ca17f080 JavaThread "Unconstrained build operations Thread 9" [_thread_blocked, id=688, stack(0x000000f634300000,0x000000f634400000)]
  0x00000299ca184250 JavaThread "Unconstrained build operations Thread 10" [_thread_blocked, id=14876, stack(0x000000f634400000,0x000000f634500000)]
  0x00000299ca185590 JavaThread "Unconstrained build operations Thread 11" [_thread_blocked, id=2600, stack(0x000000f634500000,0x000000f634600000)]
  0x00000299ca17f550 JavaThread "Unconstrained build operations Thread 12" [_thread_blocked, id=6696, stack(0x000000f634600000,0x000000f634700000)]
  0x00000299ca1803c0 JavaThread "Unconstrained build operations Thread 13" [_thread_blocked, id=14232, stack(0x000000f634700000,0x000000f634800000)]
  0x00000299ca1820a0 JavaThread "Unconstrained build operations Thread 14" [_thread_blocked, id=7600, stack(0x000000f634800000,0x000000f634900000)]
  0x00000299ca183d80 JavaThread "Unconstrained build operations Thread 15" [_thread_blocked, id=6528, stack(0x000000f634900000,0x000000f634a00000)]
  0x00000299ca184bf0 JavaThread "Unconstrained build operations Thread 16" [_thread_blocked, id=3364, stack(0x000000f634a00000,0x000000f634b00000)]
  0x00000299ca17fa20 JavaThread "Unconstrained build operations Thread 17" [_thread_blocked, id=9372, stack(0x000000f634b00000,0x000000f634c00000)]
  0x00000299ca17fef0 JavaThread "Unconstrained build operations Thread 18" [_thread_blocked, id=3836, stack(0x000000f634c00000,0x000000f634d00000)]
  0x00000299ca180890 JavaThread "Unconstrained build operations Thread 19" [_thread_blocked, id=2876, stack(0x000000f634d00000,0x000000f634e00000)]
  0x00000299ca180d60 JavaThread "Unconstrained build operations Thread 20" [_thread_blocked, id=11652, stack(0x000000f634e00000,0x000000f634f00000)]
  0x00000299ca181230 JavaThread "Unconstrained build operations Thread 21" [_thread_blocked, id=8812, stack(0x000000f634f00000,0x000000f635000000)]
  0x00000299ca184720 JavaThread "Unconstrained build operations Thread 22" [_thread_blocked, id=11464, stack(0x000000f635000000,0x000000f635100000)]
  0x00000299ca1833e0 JavaThread "Unconstrained build operations Thread 23" [_thread_blocked, id=972, stack(0x000000f635100000,0x000000f635200000)]
  0x00000299ca181700 JavaThread "Unconstrained build operations Thread 24" [_thread_blocked, id=1772, stack(0x000000f635200000,0x000000f635300000)]
  0x00000299ca185a60 JavaThread "Unconstrained build operations Thread 25" [_thread_blocked, id=12132, stack(0x000000f635300000,0x000000f635400000)]
  0x00000299ca181bd0 JavaThread "Unconstrained build operations Thread 26" [_thread_blocked, id=12020, stack(0x000000f635400000,0x000000f635500000)]
  0x00000299ca1850c0 JavaThread "Unconstrained build operations Thread 27" [_thread_blocked, id=14576, stack(0x000000f635500000,0x000000f635600000)]
  0x00000299ca1838b0 JavaThread "Unconstrained build operations Thread 28" [_thread_blocked, id=3724, stack(0x000000f635600000,0x000000f635700000)]
  0x00000299ca182570 JavaThread "Unconstrained build operations Thread 29" [_thread_blocked, id=4488, stack(0x000000f635700000,0x000000f635800000)]
  0x00000299ca185f30 JavaThread "Unconstrained build operations Thread 30" [_thread_blocked, id=11100, stack(0x000000f635800000,0x000000f635900000)]
  0x00000299ca182a40 JavaThread "Unconstrained build operations Thread 31" [_thread_blocked, id=15192, stack(0x000000f635900000,0x000000f635a00000)]
  0x00000299ca182f10 JavaThread "Unconstrained build operations Thread 32" [_thread_blocked, id=8376, stack(0x000000f635a00000,0x000000f635b00000)]
  0x00000299c9640490 JavaThread "Unconstrained build operations Thread 33" [_thread_blocked, id=8236, stack(0x000000f635b00000,0x000000f635c00000)]
  0x00000299c9645190 JavaThread "Unconstrained build operations Thread 34" [_thread_blocked, id=14076, stack(0x000000f635c00000,0x000000f635d00000)]
  0x00000299c9642640 JavaThread "Unconstrained build operations Thread 35" [_thread_blocked, id=6200, stack(0x000000f635d00000,0x000000f635e00000)]
  0x00000299c9641300 JavaThread "Unconstrained build operations Thread 36" [_thread_blocked, id=9476, stack(0x000000f635e00000,0x000000f635f00000)]
  0x00000299c963ffc0 JavaThread "Unconstrained build operations Thread 37" [_thread_blocked, id=6964, stack(0x000000f635f00000,0x000000f636000000)]
  0x00000299c9646e70 JavaThread "Unconstrained build operations Thread 38" [_thread_blocked, id=14188, stack(0x000000f636000000,0x000000f636100000)]
  0x00000299c9642b10 JavaThread "Unconstrained build operations Thread 39" [_thread_blocked, id=12336, stack(0x000000f636100000,0x000000f636200000)]
  0x00000299c9640960 JavaThread "Unconstrained build operations Thread 40" [_thread_blocked, id=13576, stack(0x000000f636200000,0x000000f636300000)]
  0x00000299c96447f0 JavaThread "build event listener" [_thread_blocked, id=2724, stack(0x000000f636400000,0x000000f636500000)]
  0x00000299c9645b30 JavaThread "Memory manager" [_thread_blocked, id=15804, stack(0x000000f636500000,0x000000f636600000)]
  0x00000299c9642170 JavaThread "included builds" [_thread_blocked, id=2956, stack(0x000000f636600000,0x000000f636700000)]
  0x00000299c9643980 JavaThread "Execution worker" [_thread_blocked, id=8516, stack(0x000000f636700000,0x000000f636800000)]
  0x00000299c963f620 JavaThread "Execution worker Thread 2" [_thread_blocked, id=3028, stack(0x000000f636800000,0x000000f636900000)]
  0x00000299c963faf0 JavaThread "Execution worker Thread 3" [_thread_blocked, id=11808, stack(0x000000f636900000,0x000000f636a00000)]
  0x00000299c9643e50 JavaThread "Cache worker for execution history cache (C:\Users\LUMBANI\AndroidStudioProjects\Google-Mail-UI-Clone\.gradle\8.0.2\executionHistory)" [_thread_blocked, id=14684, stack(0x000000f636a00000,0x000000f636b00000)]
  0x00000299d0620610 JavaThread "WorkerExecutor Queue" [_thread_blocked, id=6364, stack(0x000000f636d00000,0x000000f636e00000)]
  0x00000299d061bde0 JavaThread "RMI Scheduler(0)" daemon [_thread_blocked, id=16120, stack(0x000000f636e00000,0x000000f636f00000)]

Other Threads:
=>0x00000299c7e677c0 VMThread "VM Thread" [stack: 0x000000f630f00000,0x000000f631000000] [id=10052]
  0x00000299c89a89e0 WatcherThread [stack: 0x000000f631b00000,0x000000f631c00000] [id=6692]
  0x00000299ac9754b0 GCTaskThread "GC Thread#0" [stack: 0x000000f630a00000,0x000000f630b00000] [id=2596]
  0x00000299c8d88df0 GCTaskThread "GC Thread#1" [stack: 0x000000f631c00000,0x000000f631d00000] [id=11616]
  0x00000299c8d890a0 GCTaskThread "GC Thread#2" [stack: 0x000000f631d00000,0x000000f631e00000] [id=12584]
  0x00000299c9658200 GCTaskThread "GC Thread#3" [stack: 0x000000f631e00000,0x000000f631f00000] [id=884]
  0x00000299ac9863f0 ConcurrentGCThread "G1 Main Marker" [stack: 0x000000f630b00000,0x000000f630c00000] [id=4100]
  0x00000299ac986e00 ConcurrentGCThread "G1 Conc#0" [stack: 0x000000f630c00000,0x000000f630d00000] [id=14512]
  0x00000299c7cc20b0 ConcurrentGCThread "G1 Refine#0" [stack: 0x000000f630d00000,0x000000f630e00000] [id=1620]
  0x00000299c949cde0 ConcurrentGCThread "G1 Refine#1" [stack: 0x000000f633600000,0x000000f633700000] [id=2004]
  0x00000299cb772c60 ConcurrentGCThread "G1 Refine#2" [stack: 0x000000f636300000,0x000000f636400000] [id=11300]
  0x00000299d18f7590 ConcurrentGCThread "G1 Refine#3" [stack: 0x000000f637400000,0x000000f637500000] [id=15868]
  0x00000299c7cc2ad0 ConcurrentGCThread "G1 Service" [stack: 0x000000f630e00000,0x000000f630f00000] [id=9472]

Threads with active compile tasks:
C2 CompilerThread0    49238 16534       4       com.android.tools.r8.internal.Y9::a (4479 bytes)
C1 CompilerThread0    49238 17070 %     3       com.android.tools.r8.ir.optimize.M0::c @ 19 (2356 bytes)

VM state: at safepoint (normal execution)

VM Mutex/Monitor currently owned by a thread:  ([mutex/lock_event])
[0x00000299ac9132a0] Threads_lock - owner thread: 0x00000299c7e677c0
[0x00000299ac9125b0] Heap_lock - owner thread: 0x00000299c9642640

Heap address: 0x0000000080000000, size: 2048 MB, Compressed Oops mode: 32-bit

CDS archive(s) not mapped
Compressed class space mapped at: 0x0000000100000000-0x0000000140000000, reserved size: 1073741824
Narrow klass base: 0x0000000000000000, Narrow klass shift: 3, Narrow klass range: 0x140000000

GC Precious Log:
 CPUs: 4 total, 4 available
 Memory: 8094M
 Large Page Support: Disabled
 NUMA Support: Disabled
 Compressed Oops: Enabled (32-bit)
 Heap Region Size: 1M
 Heap Min Capacity: 8M
 Heap Initial Capacity: 128M
 Heap Max Capacity: 2G
 Pre-touch: Disabled
 Parallel Workers: 4
 Concurrent Workers: 1
 Concurrent Refinement Workers: 4
 Periodic GC: Disabled

Heap:
 garbage-first heap   total 337920K, used 169141K [0x0000000080000000, 0x0000000100000000)
  region size 1024K, 15 young (15360K), 15 survivors (15360K)
 Metaspace       used 116214K, committed 116992K, reserved 1155072K
  class space    used 15937K, committed 16320K, reserved 1048576K

Heap Regions: E=young(eden), S=young(survivor), O=old, HS=humongous(starts), HC=humongous(continues), CS=collection set, F=free, OA=open archive, CA=closed archive, TAMS=top-at-mark-start (previous, next)
|   0|0x0000000080000000, 0x0000000080100000, 0x0000000080100000|100%| O|  |TAMS 0x0000000080100000, 0x0000000080000000| Untracked 
|   1|0x0000000080100000, 0x0000000080200000, 0x0000000080200000|100%| O|  |TAMS 0x0000000080200000, 0x0000000080100000| Untracked 
|   2|0x0000000080200000, 0x0000000080300000, 0x0000000080300000|100%|HS|  |TAMS 0x0000000080300000, 0x0000000080200000| Complete 
|   3|0x0000000080300000, 0x0000000080400000, 0x0000000080400000|100%|HC|  |TAMS 0x0000000080400000, 0x0000000080300000| Complete 
|   4|0x0000000080400000, 0x0000000080500000, 0x0000000080500000|100%|HC|  |TAMS 0x0000000080500000, 0x0000000080400000| Complete 
|   5|0x0000000080500000, 0x0000000080600000, 0x0000000080600000|100%|HC|  |TAMS 0x0000000080600000, 0x0000000080500000| Complete 
|   6|0x0000000080600000, 0x0000000080700000, 0x0000000080700000|100%| O|  |TAMS 0x0000000080700000, 0x0000000080600000| Untracked 
|   7|0x0000000080700000, 0x0000000080800000, 0x0000000080800000|100%| O|  |TAMS 0x0000000080800000, 0x0000000080700000| Untracked 
|   8|0x0000000080800000, 0x0000000080900000, 0x0000000080900000|100%| O|  |TAMS 0x0000000080900000, 0x0000000080800000| Untracked 
|   9|0x0000000080900000, 0x0000000080a00000, 0x0000000080a00000|100%| O|  |TAMS 0x0000000080a00000, 0x0000000080900000| Untracked 
|  10|0x0000000080a00000, 0x0000000080b00000, 0x0000000080b00000|100%| O|  |TAMS 0x0000000080b00000, 0x0000000080a00000| Untracked 
|  11|0x0000000080b00000, 0x0000000080c00000, 0x0000000080c00000|100%| O|  |TAMS 0x0000000080c00000, 0x0000000080b00000| Untracked 
|  12|0x0000000080c00000, 0x0000000080d00000, 0x0000000080d00000|100%| O|  |TAMS 0x0000000080d00000, 0x0000000080c00000| Untracked 
|  13|0x0000000080d00000, 0x0000000080e00000, 0x0000000080e00000|100%| O|  |TAMS 0x0000000080e00000, 0x0000000080d00000| Untracked 
|  14|0x0000000080e00000, 0x0000000080f00000, 0x0000000080f00000|100%| O|  |TAMS 0x0000000080f00000, 0x0000000080e00000| Untracked 
|  15|0x0000000080f00000, 0x0000000081000000, 0x0000000081000000|100%| O|  |TAMS 0x0000000081000000, 0x0000000080f00000| Untracked 
|  16|0x0000000081000000, 0x0000000081100000, 0x0000000081100000|100%| O|  |TAMS 0x0000000081100000, 0x0000000081000000| Untracked 
|  17|0x0000000081100000, 0x0000000081200000, 0x0000000081200000|100%| O|  |TAMS 0x0000000081200000, 0x0000000081100000| Untracked 
|  18|0x0000000081200000, 0x0000000081300000, 0x0000000081300000|100%| O|  |TAMS 0x0000000081300000, 0x0000000081200000| Untracked 
|  19|0x0000000081300000, 0x0000000081400000, 0x0000000081400000|100%| O|  |TAMS 0x0000000081400000, 0x0000000081300000| Untracked 
|  20|0x0000000081400000, 0x0000000081500000, 0x0000000081500000|100%| O|  |TAMS 0x0000000081500000, 0x0000000081400000| Untracked 
|  21|0x0000000081500000, 0x0000000081600000, 0x0000000081600000|100%| O|  |TAMS 0x0000000081600000, 0x0000000081500000| Untracked 
|  22|0x0000000081600000, 0x0000000081700000, 0x0000000081700000|100%| O|  |TAMS 0x0000000081700000, 0x0000000081600000| Untracked 
|  23|0x0000000081700000, 0x0000000081800000, 0x0000000081800000|100%| O|  |TAMS 0x0000000081800000, 0x0000000081700000| Untracked 
|  24|0x0000000081800000, 0x0000000081900000, 0x0000000081900000|100%| O|  |TAMS 0x0000000081900000, 0x0000000081800000| Untracked 
|  25|0x0000000081900000, 0x0000000081a00000, 0x0000000081a00000|100%| O|  |TAMS 0x0000000081a00000, 0x0000000081900000| Untracked 
|  26|0x0000000081a00000, 0x0000000081b00000, 0x0000000081b00000|100%| O|  |TAMS 0x0000000081b00000, 0x0000000081a00000| Untracked 
|  27|0x0000000081b00000, 0x0000000081c00000, 0x0000000081c00000|100%| O|  |TAMS 0x0000000081c00000, 0x0000000081b00000| Untracked 
|  28|0x0000000081c00000, 0x0000000081d00000, 0x0000000081d00000|100%| O|  |TAMS 0x0000000081d00000, 0x0000000081c00000| Untracked 
|  29|0x0000000081d00000, 0x0000000081e00000, 0x0000000081e00000|100%| O|  |TAMS 0x0000000081e00000, 0x0000000081d00000| Untracked 
|  30|0x0000000081e00000, 0x0000000081f00000, 0x0000000081f00000|100%| O|  |TAMS 0x0000000081f00000, 0x0000000081e00000| Untracked 
|  31|0x0000000081f00000, 0x0000000082000000, 0x0000000082000000|100%| O|  |TAMS 0x0000000082000000, 0x0000000081f00000| Untracked 
|  32|0x0000000082000000, 0x0000000082100000, 0x0000000082100000|100%| O|  |TAMS 0x0000000082000000, 0x0000000082000000| Untracked 
|  33|0x0000000082100000, 0x0000000082200000, 0x0000000082200000|100%| O|  |TAMS 0x0000000082200000, 0x0000000082100000| Untracked 
|  34|0x0000000082200000, 0x0000000082300000, 0x0000000082300000|100%|HS|  |TAMS 0x0000000082300000, 0x0000000082200000| Complete 
|  35|0x0000000082300000, 0x0000000082400000, 0x0000000082400000|100%|HS|  |TAMS 0x0000000082400000, 0x0000000082300000| Complete 
|  36|0x0000000082400000, 0x0000000082500000, 0x0000000082500000|100%|HS|  |TAMS 0x0000000082500000, 0x0000000082400000| Complete 
|  37|0x0000000082500000, 0x0000000082600000, 0x0000000082600000|100%| O|  |TAMS 0x0000000082600000, 0x0000000082500000| Untracked 
|  38|0x0000000082600000, 0x0000000082700000, 0x0000000082700000|100%| O|  |TAMS 0x0000000082700000, 0x0000000082600000| Untracked 
|  39|0x0000000082700000, 0x0000000082800000, 0x0000000082800000|100%|HS|  |TAMS 0x0000000082800000, 0x0000000082700000| Complete 
|  40|0x0000000082800000, 0x0000000082900000, 0x0000000082900000|100%|HC|  |TAMS 0x0000000082900000, 0x0000000082800000| Complete 
|  41|0x0000000082900000, 0x0000000082a00000, 0x0000000082a00000|100%|HC|  |TAMS 0x0000000082a00000, 0x0000000082900000| Complete 
|  42|0x0000000082a00000, 0x0000000082b00000, 0x0000000082b00000|100%| O|  |TAMS 0x0000000082b00000, 0x0000000082a00000| Untracked 
|  43|0x0000000082b00000, 0x0000000082c00000, 0x0000000082c00000|100%| O|  |TAMS 0x0000000082c00000, 0x0000000082b00000| Untracked 
|  44|0x0000000082c00000, 0x0000000082d00000, 0x0000000082d00000|100%| O|  |TAMS 0x0000000082d00000, 0x0000000082c00000| Untracked 
|  45|0x0000000082d00000, 0x0000000082e00000, 0x0000000082e00000|100%| O|  |TAMS 0x0000000082e00000, 0x0000000082d00000| Untracked 
|  46|0x0000000082e00000, 0x0000000082f00000, 0x0000000082f00000|100%| O|  |TAMS 0x0000000082f00000, 0x0000000082e00000| Untracked 
|  47|0x0000000082f00000, 0x0000000083000000, 0x0000000083000000|100%| O|  |TAMS 0x0000000083000000, 0x0000000082f00000| Untracked 
|  48|0x0000000083000000, 0x0000000083100000, 0x0000000083100000|100%| O|  |TAMS 0x0000000083100000, 0x0000000083000000| Untracked 
|  49|0x0000000083100000, 0x0000000083200000, 0x0000000083200000|100%| O|  |TAMS 0x0000000083200000, 0x0000000083100000| Untracked 
|  50|0x0000000083200000, 0x0000000083300000, 0x0000000083300000|100%| O|  |TAMS 0x0000000083300000, 0x0000000083200000| Untracked 
|  51|0x0000000083300000, 0x0000000083400000, 0x0000000083400000|100%| O|  |TAMS 0x0000000083400000, 0x0000000083300000| Untracked 
|  52|0x0000000083400000, 0x0000000083500000, 0x0000000083500000|100%| O|  |TAMS 0x0000000083500000, 0x0000000083400000| Untracked 
|  53|0x0000000083500000, 0x0000000083600000, 0x0000000083600000|100%| O|  |TAMS 0x0000000083600000, 0x0000000083500000| Untracked 
|  54|0x0000000083600000, 0x0000000083700000, 0x0000000083700000|100%| O|  |TAMS 0x0000000083700000, 0x0000000083600000| Untracked 
|  55|0x0000000083700000, 0x0000000083800000, 0x0000000083800000|100%| O|  |TAMS 0x0000000083800000, 0x0000000083700000| Untracked 
|  56|0x0000000083800000, 0x0000000083900000, 0x0000000083900000|100%| O|  |TAMS 0x0000000083900000, 0x0000000083800000| Untracked 
|  57|0x0000000083900000, 0x0000000083a00000, 0x0000000083a00000|100%| O|  |TAMS 0x0000000083a00000, 0x0000000083900000| Untracked 
|  58|0x0000000083a00000, 0x0000000083b00000, 0x0000000083b00000|100%| O|  |TAMS 0x0000000083b00000, 0x0000000083a00000| Untracked 
|  59|0x0000000083b00000, 0x0000000083c00000, 0x0000000083c00000|100%| O|  |TAMS 0x0000000083c00000, 0x0000000083b00000| Untracked 
|  60|0x0000000083c00000, 0x0000000083d00000, 0x0000000083d00000|100%| O|  |TAMS 0x0000000083d00000, 0x0000000083c00000| Untracked 
|  61|0x0000000083d00000, 0x0000000083e00000, 0x0000000083e00000|100%| O|  |TAMS 0x0000000083e00000, 0x0000000083d00000| Untracked 
|  62|0x0000000083e00000, 0x0000000083f00000, 0x0000000083f00000|100%| O|  |TAMS 0x0000000083f00000, 0x0000000083e00000| Untracked 
|  63|0x0000000083f00000, 0x0000000084000000, 0x0000000084000000|100%| O|  |TAMS 0x0000000084000000, 0x0000000083f00000| Untracked 
|  64|0x0000000084000000, 0x0000000084100000, 0x0000000084100000|100%| O|  |TAMS 0x0000000084100000, 0x0000000084000000| Untracked 
|  65|0x0000000084100000, 0x0000000084200000, 0x0000000084200000|100%| O|  |TAMS 0x0000000084200000, 0x0000000084100000| Untracked 
|  66|0x0000000084200000, 0x0000000084300000, 0x0000000084300000|100%| O|  |TAMS 0x0000000084300000, 0x0000000084200000| Untracked 
|  67|0x0000000084300000, 0x0000000084400000, 0x0000000084400000|100%| O|  |TAMS 0x0000000084400000, 0x0000000084300000| Untracked 
|  68|0x0000000084400000, 0x0000000084500000, 0x0000000084500000|100%| O|  |TAMS 0x0000000084500000, 0x0000000084400000| Untracked 
|  69|0x0000000084500000, 0x0000000084600000, 0x0000000084600000|100%| O|  |TAMS 0x0000000084600000, 0x0000000084500000| Untracked 
|  70|0x0000000084600000, 0x0000000084700000, 0x0000000084700000|100%| O|  |TAMS 0x0000000084700000, 0x0000000084600000| Untracked 
|  71|0x0000000084700000, 0x0000000084800000, 0x0000000084800000|100%| O|  |TAMS 0x0000000084800000, 0x0000000084700000| Untracked 
|  72|0x0000000084800000, 0x0000000084900000, 0x0000000084900000|100%| O|  |TAMS 0x0000000084900000, 0x0000000084800000| Untracked 
|  73|0x0000000084900000, 0x0000000084a00000, 0x0000000084a00000|100%| O|  |TAMS 0x0000000084a00000, 0x0000000084900000| Untracked 
|  74|0x0000000084a00000, 0x0000000084b00000, 0x0000000084b00000|100%| O|  |TAMS 0x0000000084b00000, 0x0000000084a00000| Untracked 
|  75|0x0000000084b00000, 0x0000000084c00000, 0x0000000084c00000|100%| O|  |TAMS 0x0000000084c00000, 0x0000000084b00000| Untracked 
|  76|0x0000000084c00000, 0x0000000084d00000, 0x0000000084d00000|100%| O|  |TAMS 0x0000000084d00000, 0x0000000084c00000| Untracked 
|  77|0x0000000084d00000, 0x0000000084e00000, 0x0000000084e00000|100%| O|  |TAMS 0x0000000084e00000, 0x0000000084d00000| Untracked 
|  78|0x0000000084e00000, 0x0000000084f00000, 0x0000000084f00000|100%| O|  |TAMS 0x0000000084f00000, 0x0000000084e00000| Untracked 
|  79|0x0000000084f00000, 0x0000000085000000, 0x0000000085000000|100%| O|  |TAMS 0x0000000085000000, 0x0000000084f00000| Untracked 
|  80|0x0000000085000000, 0x0000000085100000, 0x0000000085100000|100%| O|  |TAMS 0x0000000085100000, 0x0000000085000000| Untracked 
|  81|0x0000000085100000, 0x0000000085200000, 0x0000000085200000|100%| O|  |TAMS 0x0000000085200000, 0x0000000085100000| Untracked 
|  82|0x0000000085200000, 0x0000000085300000, 0x0000000085300000|100%| O|  |TAMS 0x0000000085200000, 0x0000000085200000| Untracked 
|  83|0x0000000085300000, 0x0000000085400000, 0x0000000085400000|100%| O|  |TAMS 0x0000000085400000, 0x0000000085300000| Untracked 
|  84|0x0000000085400000, 0x0000000085500000, 0x0000000085500000|100%| O|  |TAMS 0x0000000085500000, 0x0000000085400000| Untracked 
|  85|0x0000000085500000, 0x0000000085600000, 0x0000000085600000|100%| O|  |TAMS 0x0000000085600000, 0x0000000085500000| Untracked 
|  86|0x0000000085600000, 0x0000000085700000, 0x0000000085700000|100%| O|  |TAMS 0x0000000085700000, 0x0000000085600000| Untracked 
|  87|0x0000000085700000, 0x0000000085800000, 0x0000000085800000|100%| O|  |TAMS 0x0000000085800000, 0x0000000085700000| Untracked 
|  88|0x0000000085800000, 0x0000000085900000, 0x0000000085900000|100%| O|  |TAMS 0x0000000085900000, 0x0000000085800000| Untracked 
|  89|0x0000000085900000, 0x00000000859ad400, 0x0000000085a00000| 67%| O|  |TAMS 0x00000000859ad400, 0x0000000085900000| Untracked 
|  90|0x0000000085a00000, 0x0000000085b00000, 0x0000000085b00000|100%|HS|  |TAMS 0x0000000085a00000, 0x0000000085a00000| Complete 
|  91|0x0000000085b00000, 0x0000000085c00000, 0x0000000085c00000|100%| O|  |TAMS 0x0000000085b00000, 0x0000000085b00000| Untracked 
|  92|0x0000000085c00000, 0x0000000085d00000, 0x0000000085d00000|100%| O|  |TAMS 0x0000000085c00000, 0x0000000085c00000| Untracked 
|  93|0x0000000085d00000, 0x0000000085e00000, 0x0000000085e00000|100%| O|  |TAMS 0x0000000085d00000, 0x0000000085d00000| Untracked 
|  94|0x0000000085e00000, 0x0000000085f00000, 0x0000000085f00000|100%| O|  |TAMS 0x0000000085e00000, 0x0000000085e00000| Untracked 
|  95|0x0000000085f00000, 0x0000000086000000, 0x0000000086000000|100%| O|  |TAMS 0x0000000085f00000, 0x0000000085f00000| Untracked 
|  96|0x0000000086000000, 0x0000000086100000, 0x0000000086100000|100%| O|  |TAMS 0x0000000086000000, 0x0000000086000000| Untracked 
|  97|0x0000000086100000, 0x0000000086200000, 0x0000000086200000|100%| O|  |TAMS 0x0000000086100000, 0x0000000086100000| Untracked 
|  98|0x0000000086200000, 0x0000000086300000, 0x0000000086300000|100%| O|  |TAMS 0x0000000086200000, 0x0000000086200000| Untracked 
|  99|0x0000000086300000, 0x0000000086400000, 0x0000000086400000|100%| O|  |TAMS 0x0000000086300000, 0x0000000086300000| Untracked 
| 100|0x0000000086400000, 0x0000000086500000, 0x0000000086500000|100%| O|  |TAMS 0x0000000086400000, 0x0000000086400000| Untracked 
| 101|0x0000000086500000, 0x0000000086600000, 0x0000000086600000|100%| O|  |TAMS 0x0000000086500000, 0x0000000086500000| Untracked 
| 102|0x0000000086600000, 0x0000000086700000, 0x0000000086700000|100%| O|  |TAMS 0x0000000086600000, 0x0000000086600000| Untracked 
| 103|0x0000000086700000, 0x0000000086800000, 0x0000000086800000|100%| O|  |TAMS 0x0000000086700000, 0x0000000086700000| Untracked 
| 104|0x0000000086800000, 0x0000000086900000, 0x0000000086900000|100%| O|  |TAMS 0x0000000086800000, 0x0000000086800000| Untracked 
| 105|0x0000000086900000, 0x0000000086a00000, 0x0000000086a00000|100%| O|  |TAMS 0x0000000086900000, 0x0000000086900000| Untracked 
| 106|0x0000000086a00000, 0x0000000086b00000, 0x0000000086b00000|100%| O|  |TAMS 0x0000000086a00000, 0x0000000086a00000| Untracked 
| 107|0x0000000086b00000, 0x0000000086c00000, 0x0000000086c00000|100%| O|  |TAMS 0x0000000086b00000, 0x0000000086b00000| Untracked 
| 108|0x0000000086c00000, 0x0000000086d00000, 0x0000000086d00000|100%| O|  |TAMS 0x0000000086c00000, 0x0000000086c00000| Untracked 
| 109|0x0000000086d00000, 0x0000000086e00000, 0x0000000086e00000|100%| O|  |TAMS 0x0000000086d00000, 0x0000000086d00000| Untracked 
| 110|0x0000000086e00000, 0x0000000086f00000, 0x0000000086f00000|100%| O|  |TAMS 0x0000000086e00000, 0x0000000086e00000| Untracked 
| 111|0x0000000086f00000, 0x0000000087000000, 0x0000000087000000|100%| O|  |TAMS 0x0000000086f00000, 0x0000000086f00000| Untracked 
| 112|0x0000000087000000, 0x0000000087100000, 0x0000000087100000|100%| O|  |TAMS 0x0000000087000000, 0x0000000087000000| Untracked 
| 113|0x0000000087100000, 0x0000000087200000, 0x0000000087200000|100%| O|  |TAMS 0x0000000087100000, 0x0000000087100000| Untracked 
| 114|0x0000000087200000, 0x0000000087300000, 0x0000000087300000|100%| O|  |TAMS 0x0000000087200000, 0x0000000087200000| Untracked 
| 115|0x0000000087300000, 0x0000000087400000, 0x0000000087400000|100%| O|  |TAMS 0x0000000087300000, 0x0000000087300000| Untracked 
| 116|0x0000000087400000, 0x0000000087500000, 0x0000000087500000|100%| O|  |TAMS 0x0000000087400000, 0x0000000087400000| Untracked 
| 117|0x0000000087500000, 0x0000000087600000, 0x0000000087600000|100%| O|  |TAMS 0x0000000087500000, 0x0000000087500000| Untracked 
| 118|0x0000000087600000, 0x0000000087700000, 0x0000000087700000|100%| O|  |TAMS 0x0000000087600000, 0x0000000087600000| Untracked 
| 119|0x0000000087700000, 0x0000000087800000, 0x0000000087800000|100%| O|  |TAMS 0x0000000087700000, 0x0000000087700000| Untracked 
| 120|0x0000000087800000, 0x0000000087900000, 0x0000000087900000|100%| O|  |TAMS 0x0000000087800000, 0x0000000087800000| Untracked 
| 121|0x0000000087900000, 0x0000000087a00000, 0x0000000087a00000|100%| O|  |TAMS 0x0000000087900000, 0x0000000087900000| Untracked 
| 122|0x0000000087a00000, 0x0000000087b00000, 0x0000000087b00000|100%| O|  |TAMS 0x0000000087a00000, 0x0000000087a00000| Untracked 
| 123|0x0000000087b00000, 0x0000000087c00000, 0x0000000087c00000|100%| O|  |TAMS 0x0000000087b00000, 0x0000000087b00000| Untracked 
| 124|0x0000000087c00000, 0x0000000087d00000, 0x0000000087d00000|100%| O|  |TAMS 0x0000000087c00000, 0x0000000087c00000| Untracked 
| 125|0x0000000087d00000, 0x0000000087e00000, 0x0000000087e00000|100%| O|  |TAMS 0x0000000087d00000, 0x0000000087d00000| Untracked 
| 126|0x0000000087e00000, 0x0000000087f00000, 0x0000000087f00000|100%| O|  |TAMS 0x0000000087e00000, 0x0000000087e00000| Untracked 
| 127|0x0000000087f00000, 0x0000000088000000, 0x0000000088000000|100%| O|  |TAMS 0x0000000087f00000, 0x0000000087f00000| Untracked 
| 128|0x0000000088000000, 0x0000000088100000, 0x0000000088100000|100%| O|  |TAMS 0x0000000088000000, 0x0000000088000000| Untracked 
| 129|0x0000000088100000, 0x0000000088200000, 0x0000000088200000|100%| O|  |TAMS 0x0000000088100000, 0x0000000088100000| Untracked 
| 130|0x0000000088200000, 0x0000000088300000, 0x0000000088300000|100%| O|  |TAMS 0x0000000088200000, 0x0000000088200000| Untracked 
| 131|0x0000000088300000, 0x0000000088400000, 0x0000000088400000|100%| O|  |TAMS 0x0000000088300000, 0x0000000088300000| Untracked 
| 132|0x0000000088400000, 0x0000000088500000, 0x0000000088500000|100%| O|  |TAMS 0x0000000088400000, 0x0000000088400000| Untracked 
| 133|0x0000000088500000, 0x0000000088600000, 0x0000000088600000|100%| O|  |TAMS 0x0000000088500000, 0x0000000088500000| Untracked 
| 134|0x0000000088600000, 0x0000000088700000, 0x0000000088700000|100%| O|  |TAMS 0x0000000088600000, 0x0000000088600000| Untracked 
| 135|0x0000000088700000, 0x0000000088800000, 0x0000000088800000|100%| O|  |TAMS 0x0000000088700000, 0x0000000088700000| Untracked 
| 136|0x0000000088800000, 0x0000000088900000, 0x0000000088900000|100%| O|  |TAMS 0x0000000088800000, 0x0000000088800000| Untracked 
| 137|0x0000000088900000, 0x0000000088a00000, 0x0000000088a00000|100%| O|  |TAMS 0x0000000088900000, 0x0000000088900000| Untracked 
| 138|0x0000000088a00000, 0x0000000088b00000, 0x0000000088b00000|100%| O|  |TAMS 0x0000000088a00000, 0x0000000088a00000| Untracked 
| 139|0x0000000088b00000, 0x0000000088c00000, 0x0000000088c00000|100%| O|  |TAMS 0x0000000088b00000, 0x0000000088b00000| Untracked 
| 140|0x0000000088c00000, 0x0000000088d00000, 0x0000000088d00000|100%| O|  |TAMS 0x0000000088c00000, 0x0000000088c00000| Untracked 
| 141|0x0000000088d00000, 0x0000000088e00000, 0x0000000088e00000|100%| O|  |TAMS 0x0000000088d00000, 0x0000000088d00000| Untracked 
| 142|0x0000000088e00000, 0x0000000088f00000, 0x0000000088f00000|100%| O|  |TAMS 0x0000000088e00000, 0x0000000088e00000| Untracked 
| 143|0x0000000088f00000, 0x0000000089000000, 0x0000000089000000|100%| O|  |TAMS 0x0000000088f00000, 0x0000000088f00000| Untracked 
| 144|0x0000000089000000, 0x0000000089100000, 0x0000000089100000|100%| O|  |TAMS 0x0000000089000000, 0x0000000089000000| Untracked 
| 145|0x0000000089100000, 0x0000000089200000, 0x0000000089200000|100%| O|  |TAMS 0x0000000089100000, 0x0000000089100000| Untracked 
| 146|0x0000000089200000, 0x0000000089300000, 0x0000000089300000|100%| O|  |TAMS 0x0000000089200000, 0x0000000089200000| Untracked 
| 147|0x0000000089300000, 0x0000000089400000, 0x0000000089400000|100%| O|  |TAMS 0x0000000089300000, 0x0000000089300000| Untracked 
| 148|0x0000000089400000, 0x0000000089500000, 0x0000000089500000|100%| O|  |TAMS 0x0000000089400000, 0x0000000089400000| Untracked 
| 149|0x0000000089500000, 0x0000000089600000, 0x0000000089600000|100%| O|  |TAMS 0x0000000089500000, 0x0000000089500000| Untracked 
| 150|0x0000000089600000, 0x0000000089700000, 0x0000000089700000|100%| O|  |TAMS 0x0000000089600000, 0x0000000089600000| Untracked 
| 151|0x0000000089700000, 0x0000000089700000, 0x0000000089800000|  0%| F|  |TAMS 0x0000000089700000, 0x0000000089700000| Untracked 
| 152|0x0000000089800000, 0x0000000089800000, 0x0000000089900000|  0%| F|  |TAMS 0x0000000089800000, 0x0000000089800000| Untracked 
| 153|0x0000000089900000, 0x0000000089900000, 0x0000000089a00000|  0%| F|  |TAMS 0x0000000089900000, 0x0000000089900000| Untracked 
| 154|0x0000000089a00000, 0x0000000089a00000, 0x0000000089b00000|  0%| F|  |TAMS 0x0000000089a00000, 0x0000000089a00000| Untracked 
| 155|0x0000000089b00000, 0x0000000089b00000, 0x0000000089c00000|  0%| F|  |TAMS 0x0000000089b00000, 0x0000000089b00000| Untracked 
| 156|0x0000000089c00000, 0x0000000089c00000, 0x0000000089d00000|  0%| F|  |TAMS 0x0000000089c00000, 0x0000000089c00000| Untracked 
| 157|0x0000000089d00000, 0x0000000089d00000, 0x0000000089e00000|  0%| F|  |TAMS 0x0000000089d00000, 0x0000000089d00000| Untracked 
| 158|0x0000000089e00000, 0x0000000089e00000, 0x0000000089f00000|  0%| F|  |TAMS 0x0000000089e00000, 0x0000000089e00000| Untracked 
| 159|0x0000000089f00000, 0x0000000089f00000, 0x000000008a000000|  0%| F|  |TAMS 0x0000000089f00000, 0x0000000089f00000| Untracked 
| 160|0x000000008a000000, 0x000000008a000000, 0x000000008a100000|  0%| F|  |TAMS 0x000000008a000000, 0x000000008a000000| Untracked 
| 161|0x000000008a100000, 0x000000008a100000, 0x000000008a200000|  0%| F|  |TAMS 0x000000008a100000, 0x000000008a100000| Untracked 
| 162|0x000000008a200000, 0x000000008a200000, 0x000000008a300000|  0%| F|  |TAMS 0x000000008a200000, 0x000000008a200000| Untracked 
| 163|0x000000008a300000, 0x000000008a300000, 0x000000008a400000|  0%| F|  |TAMS 0x000000008a300000, 0x000000008a300000| Untracked 
| 164|0x000000008a400000, 0x000000008a400000, 0x000000008a500000|  0%| F|  |TAMS 0x000000008a400000, 0x000000008a400000| Untracked 
| 165|0x000000008a500000, 0x000000008a500000, 0x000000008a600000|  0%| F|  |TAMS 0x000000008a500000, 0x000000008a500000| Untracked 
| 166|0x000000008a600000, 0x000000008a600000, 0x000000008a700000|  0%| F|  |TAMS 0x000000008a600000, 0x000000008a600000| Untracked 
| 167|0x000000008a700000, 0x000000008a700000, 0x000000008a800000|  0%| F|  |TAMS 0x000000008a700000, 0x000000008a700000| Untracked 
| 168|0x000000008a800000, 0x000000008a800000, 0x000000008a900000|  0%| F|  |TAMS 0x000000008a800000, 0x000000008a800000| Untracked 
| 169|0x000000008a900000, 0x000000008a900000, 0x000000008aa00000|  0%| F|  |TAMS 0x000000008a900000, 0x000000008a900000| Untracked 
| 170|0x000000008aa00000, 0x000000008aa00000, 0x000000008ab00000|  0%| F|  |TAMS 0x000000008aa00000, 0x000000008aa00000| Untracked 
| 171|0x000000008ab00000, 0x000000008ab00000, 0x000000008ac00000|  0%| F|  |TAMS 0x000000008ab00000, 0x000000008ab00000| Untracked 
| 172|0x000000008ac00000, 0x000000008ac00000, 0x000000008ad00000|  0%| F|  |TAMS 0x000000008ac00000, 0x000000008ac00000| Untracked 
| 173|0x000000008ad00000, 0x000000008ad00000, 0x000000008ae00000|  0%| F|  |TAMS 0x000000008ad00000, 0x000000008ad00000| Untracked 
| 174|0x000000008ae00000, 0x000000008ae00000, 0x000000008af00000|  0%| F|  |TAMS 0x000000008ae00000, 0x000000008ae00000| Untracked 
| 175|0x000000008af00000, 0x000000008af00000, 0x000000008b000000|  0%| F|  |TAMS 0x000000008af00000, 0x000000008af00000| Untracked 
| 176|0x000000008b000000, 0x000000008b000000, 0x000000008b100000|  0%| F|  |TAMS 0x000000008b000000, 0x000000008b000000| Untracked 
| 177|0x000000008b100000, 0x000000008b100000, 0x000000008b200000|  0%| F|  |TAMS 0x000000008b100000, 0x000000008b100000| Untracked 
| 178|0x000000008b200000, 0x000000008b200000, 0x000000008b300000|  0%| F|  |TAMS 0x000000008b200000, 0x000000008b200000| Untracked 
| 179|0x000000008b300000, 0x000000008b300000, 0x000000008b400000|  0%| F|  |TAMS 0x000000008b300000, 0x000000008b300000| Untracked 
| 180|0x000000008b400000, 0x000000008b400000, 0x000000008b500000|  0%| F|  |TAMS 0x000000008b400000, 0x000000008b400000| Untracked 
| 181|0x000000008b500000, 0x000000008b500000, 0x000000008b600000|  0%| F|  |TAMS 0x000000008b500000, 0x000000008b500000| Untracked 
| 182|0x000000008b600000, 0x000000008b600000, 0x000000008b700000|  0%| F|  |TAMS 0x000000008b600000, 0x000000008b600000| Untracked 
| 183|0x000000008b700000, 0x000000008b700000, 0x000000008b800000|  0%| F|  |TAMS 0x000000008b700000, 0x000000008b700000| Untracked 
| 184|0x000000008b800000, 0x000000008b800000, 0x000000008b900000|  0%| F|  |TAMS 0x000000008b800000, 0x000000008b800000| Untracked 
| 185|0x000000008b900000, 0x000000008b900000, 0x000000008ba00000|  0%| F|  |TAMS 0x000000008b900000, 0x000000008b900000| Untracked 
| 186|0x000000008ba00000, 0x000000008ba80000, 0x000000008bb00000| 50%| S|CS|TAMS 0x000000008ba00000, 0x000000008ba00000| Complete 
| 187|0x000000008bb00000, 0x000000008bc00000, 0x000000008bc00000|100%| S|CS|TAMS 0x000000008bb00000, 0x000000008bb00000| Complete 
| 188|0x000000008bc00000, 0x000000008bd00000, 0x000000008bd00000|100%| S|CS|TAMS 0x000000008bc00000, 0x000000008bc00000| Complete 
| 189|0x000000008bd00000, 0x000000008be00000, 0x000000008be00000|100%| S|CS|TAMS 0x000000008bd00000, 0x000000008bd00000| Complete 
| 190|0x000000008be00000, 0x000000008be00000, 0x000000008bf00000|  0%| F|  |TAMS 0x000000008be00000, 0x000000008be00000| Untracked 
| 191|0x000000008bf00000, 0x000000008bf00000, 0x000000008c000000|  0%| F|  |TAMS 0x000000008bf00000, 0x000000008bf00000| Untracked 
| 192|0x000000008c000000, 0x000000008c000000, 0x000000008c100000|  0%| F|  |TAMS 0x000000008c000000, 0x000000008c000000| Untracked 
| 193|0x000000008c100000, 0x000000008c100000, 0x000000008c200000|  0%| F|  |TAMS 0x000000008c100000, 0x000000008c100000| Untracked 
| 194|0x000000008c200000, 0x000000008c200000, 0x000000008c300000|  0%| F|  |TAMS 0x000000008c200000, 0x000000008c200000| Untracked 
| 195|0x000000008c300000, 0x000000008c300000, 0x000000008c400000|  0%| F|  |TAMS 0x000000008c300000, 0x000000008c300000| Untracked 
| 196|0x000000008c400000, 0x000000008c400000, 0x000000008c500000|  0%| F|  |TAMS 0x000000008c400000, 0x000000008c400000| Untracked 
| 197|0x000000008c500000, 0x000000008c500000, 0x000000008c600000|  0%| F|  |TAMS 0x000000008c500000, 0x000000008c500000| Untracked 
| 198|0x000000008c600000, 0x000000008c600000, 0x000000008c700000|  0%| F|  |TAMS 0x000000008c600000, 0x000000008c600000| Untracked 
| 199|0x000000008c700000, 0x000000008c700000, 0x000000008c800000|  0%| F|  |TAMS 0x000000008c700000, 0x000000008c700000| Untracked 
| 200|0x000000008c800000, 0x000000008c800000, 0x000000008c900000|  0%| F|  |TAMS 0x000000008c800000, 0x000000008c800000| Untracked 
| 201|0x000000008c900000, 0x000000008c900000, 0x000000008ca00000|  0%| F|  |TAMS 0x000000008c900000, 0x000000008c900000| Untracked 
| 202|0x000000008ca00000, 0x000000008cb00000, 0x000000008cb00000|100%| S|CS|TAMS 0x000000008ca00000, 0x000000008ca00000| Complete 
| 203|0x000000008cb00000, 0x000000008cc00000, 0x000000008cc00000|100%| S|CS|TAMS 0x000000008cb00000, 0x000000008cb00000| Complete 
| 204|0x000000008cc00000, 0x000000008cd00000, 0x000000008cd00000|100%| S|CS|TAMS 0x000000008cc00000, 0x000000008cc00000| Complete 
| 205|0x000000008cd00000, 0x000000008ce00000, 0x000000008ce00000|100%| S|CS|TAMS 0x000000008cd00000, 0x000000008cd00000| Complete 
| 206|0x000000008ce00000, 0x000000008cf00000, 0x000000008cf00000|100%| S|CS|TAMS 0x000000008ce00000, 0x000000008ce00000| Complete 
| 207|0x000000008cf00000, 0x000000008d000000, 0x000000008d000000|100%| S|CS|TAMS 0x000000008cf00000, 0x000000008cf00000| Complete 
| 208|0x000000008d000000, 0x000000008d100000, 0x000000008d100000|100%| S|CS|TAMS 0x000000008d000000, 0x000000008d000000| Complete 
| 209|0x000000008d100000, 0x000000008d100000, 0x000000008d200000|  0%| F|  |TAMS 0x000000008d100000, 0x000000008d100000| Untracked 
| 210|0x000000008d200000, 0x000000008d200000, 0x000000008d300000|  0%| F|  |TAMS 0x000000008d200000, 0x000000008d200000| Untracked 
| 211|0x000000008d300000, 0x000000008d400000, 0x000000008d400000|100%| S|CS|TAMS 0x000000008d300000, 0x000000008d300000| Complete 
| 212|0x000000008d400000, 0x000000008d500000, 0x000000008d500000|100%| S|CS|TAMS 0x000000008d400000, 0x000000008d400000| Complete 
| 213|0x000000008d500000, 0x000000008d600000, 0x000000008d600000|100%| S|CS|TAMS 0x000000008d500000, 0x000000008d500000| Complete 
| 214|0x000000008d600000, 0x000000008d700000, 0x000000008d700000|100%| S|CS|TAMS 0x000000008d600000, 0x000000008d600000| Complete 
| 215|0x000000008d700000, 0x000000008d700000, 0x000000008d800000|  0%| F|  |TAMS 0x000000008d700000, 0x000000008d700000| Untracked 
| 216|0x000000008d800000, 0x000000008d800000, 0x000000008d900000|  0%| F|  |TAMS 0x000000008d800000, 0x000000008d800000| Untracked 
| 217|0x000000008d900000, 0x000000008d900000, 0x000000008da00000|  0%| F|  |TAMS 0x000000008d900000, 0x000000008d900000| Untracked 
| 218|0x000000008da00000, 0x000000008da00000, 0x000000008db00000|  0%| F|  |TAMS 0x000000008da00000, 0x000000008da00000| Untracked 
| 219|0x000000008db00000, 0x000000008db00000, 0x000000008dc00000|  0%| F|  |TAMS 0x000000008db00000, 0x000000008db00000| Untracked 
| 220|0x000000008dc00000, 0x000000008dc00000, 0x000000008dd00000|  0%| F|  |TAMS 0x000000008dc00000, 0x000000008dc00000| Untracked 
| 221|0x000000008dd00000, 0x000000008dd00000, 0x000000008de00000|  0%| F|  |TAMS 0x000000008dd00000, 0x000000008dd00000| Untracked 
| 222|0x000000008de00000, 0x000000008de00000, 0x000000008df00000|  0%| F|  |TAMS 0x000000008de00000, 0x000000008de00000| Untracked 
| 223|0x000000008df00000, 0x000000008df00000, 0x000000008e000000|  0%| F|  |TAMS 0x000000008df00000, 0x000000008df00000| Untracked 
| 224|0x000000008e000000, 0x000000008e000000, 0x000000008e100000|  0%| F|  |TAMS 0x000000008e000000, 0x000000008e000000| Untracked 
| 225|0x000000008e100000, 0x000000008e100000, 0x000000008e200000|  0%| F|  |TAMS 0x000000008e100000, 0x000000008e100000| Untracked 
| 226|0x000000008e200000, 0x000000008e200000, 0x000000008e300000|  0%| F|  |TAMS 0x000000008e200000, 0x000000008e200000| Untracked 
| 227|0x000000008e300000, 0x000000008e300000, 0x000000008e400000|  0%| F|  |TAMS 0x000000008e300000, 0x000000008e300000| Untracked 
| 228|0x000000008e400000, 0x000000008e400000, 0x000000008e500000|  0%| F|  |TAMS 0x000000008e400000, 0x000000008e400000| Untracked 
| 229|0x000000008e500000, 0x000000008e500000, 0x000000008e600000|  0%| F|  |TAMS 0x000000008e500000, 0x000000008e500000| Untracked 
| 230|0x000000008e600000, 0x000000008e600000, 0x000000008e700000|  0%| F|  |TAMS 0x000000008e600000, 0x000000008e600000| Untracked 
| 231|0x000000008e700000, 0x000000008e700000, 0x000000008e800000|  0%| F|  |TAMS 0x000000008e700000, 0x000000008e700000| Untracked 
| 232|0x000000008e800000, 0x000000008e800000, 0x000000008e900000|  0%| F|  |TAMS 0x000000008e800000, 0x000000008e800000| Untracked 
| 233|0x000000008e900000, 0x000000008e900000, 0x000000008ea00000|  0%| F|  |TAMS 0x000000008e900000, 0x000000008e900000| Untracked 
| 234|0x000000008ea00000, 0x000000008ea00000, 0x000000008eb00000|  0%| F|  |TAMS 0x000000008ea00000, 0x000000008ea00000| Untracked 
| 235|0x000000008eb00000, 0x000000008eb00000, 0x000000008ec00000|  0%| F|  |TAMS 0x000000008eb00000, 0x000000008eb00000| Untracked 
| 236|0x000000008ec00000, 0x000000008ec00000, 0x000000008ed00000|  0%| F|  |TAMS 0x000000008ec00000, 0x000000008ec00000| Untracked 
| 237|0x000000008ed00000, 0x000000008ed00000, 0x000000008ee00000|  0%| F|  |TAMS 0x000000008ed00000, 0x000000008ed00000| Untracked 
| 238|0x000000008ee00000, 0x000000008ee00000, 0x000000008ef00000|  0%| F|  |TAMS 0x000000008ee00000, 0x000000008ee00000| Untracked 
| 239|0x000000008ef00000, 0x000000008ef00000, 0x000000008f000000|  0%| F|  |TAMS 0x000000008ef00000, 0x000000008ef00000| Untracked 
| 240|0x000000008f000000, 0x000000008f000000, 0x000000008f100000|  0%| F|  |TAMS 0x000000008f000000, 0x000000008f000000| Untracked 
| 241|0x000000008f100000, 0x000000008f100000, 0x000000008f200000|  0%| F|  |TAMS 0x000000008f100000, 0x000000008f100000| Untracked 
| 242|0x000000008f200000, 0x000000008f200000, 0x000000008f300000|  0%| F|  |TAMS 0x000000008f200000, 0x000000008f200000| Untracked 
| 243|0x000000008f300000, 0x000000008f300000, 0x000000008f400000|  0%| F|  |TAMS 0x000000008f300000, 0x000000008f300000| Untracked 
| 244|0x000000008f400000, 0x000000008f400000, 0x000000008f500000|  0%| F|  |TAMS 0x000000008f400000, 0x000000008f400000| Untracked 
| 245|0x000000008f500000, 0x000000008f500000, 0x000000008f600000|  0%| F|  |TAMS 0x000000008f500000, 0x000000008f500000| Untracked 
| 246|0x000000008f600000, 0x000000008f600000, 0x000000008f700000|  0%| F|  |TAMS 0x000000008f600000, 0x000000008f600000| Untracked 
| 247|0x000000008f700000, 0x000000008f700000, 0x000000008f800000|  0%| F|  |TAMS 0x000000008f700000, 0x000000008f700000| Untracked 
| 248|0x000000008f800000, 0x000000008f800000, 0x000000008f900000|  0%| F|  |TAMS 0x000000008f800000, 0x000000008f800000| Untracked 
| 249|0x000000008f900000, 0x000000008f900000, 0x000000008fa00000|  0%| F|  |TAMS 0x000000008f900000, 0x000000008f900000| Untracked 
| 250|0x000000008fa00000, 0x000000008fa00000, 0x000000008fb00000|  0%| F|  |TAMS 0x000000008fa00000, 0x000000008fa00000| Untracked 
| 251|0x000000008fb00000, 0x000000008fb00000, 0x000000008fc00000|  0%| F|  |TAMS 0x000000008fb00000, 0x000000008fb00000| Untracked 
| 252|0x000000008fc00000, 0x000000008fc00000, 0x000000008fd00000|  0%| F|  |TAMS 0x000000008fc00000, 0x000000008fc00000| Untracked 
| 253|0x000000008fd00000, 0x000000008fd00000, 0x000000008fe00000|  0%| F|  |TAMS 0x000000008fd00000, 0x000000008fd00000| Untracked 
| 254|0x000000008fe00000, 0x000000008fe00000, 0x000000008ff00000|  0%| F|  |TAMS 0x000000008fe00000, 0x000000008fe00000| Untracked 
| 255|0x000000008ff00000, 0x000000008ff00000, 0x0000000090000000|  0%| F|  |TAMS 0x000000008ff00000, 0x000000008ff00000| Untracked 
| 256|0x0000000090000000, 0x0000000090000000, 0x0000000090100000|  0%| F|  |TAMS 0x0000000090000000, 0x0000000090000000| Untracked 
| 257|0x0000000090100000, 0x0000000090100000, 0x0000000090200000|  0%| F|  |TAMS 0x0000000090100000, 0x0000000090100000| Untracked 
| 258|0x0000000090200000, 0x0000000090200000, 0x0000000090300000|  0%| F|  |TAMS 0x0000000090200000, 0x0000000090200000| Untracked 
| 259|0x0000000090300000, 0x0000000090300000, 0x0000000090400000|  0%| F|  |TAMS 0x0000000090300000, 0x0000000090300000| Untracked 
| 260|0x0000000090400000, 0x0000000090400000, 0x0000000090500000|  0%| F|  |TAMS 0x0000000090400000, 0x0000000090400000| Untracked 
| 261|0x0000000090500000, 0x0000000090500000, 0x0000000090600000|  0%| F|  |TAMS 0x0000000090500000, 0x0000000090500000| Untracked 
| 262|0x0000000090600000, 0x0000000090600000, 0x0000000090700000|  0%| F|  |TAMS 0x0000000090600000, 0x0000000090600000| Untracked 
| 263|0x0000000090700000, 0x0000000090700000, 0x0000000090800000|  0%| F|  |TAMS 0x0000000090700000, 0x0000000090700000| Untracked 
| 264|0x0000000090800000, 0x0000000090800000, 0x0000000090900000|  0%| F|  |TAMS 0x0000000090800000, 0x0000000090800000| Untracked 
| 265|0x0000000090900000, 0x0000000090900000, 0x0000000090a00000|  0%| F|  |TAMS 0x0000000090900000, 0x0000000090900000| Untracked 
| 266|0x0000000090a00000, 0x0000000090a00000, 0x0000000090b00000|  0%| F|  |TAMS 0x0000000090a00000, 0x0000000090a00000| Untracked 
| 267|0x0000000090b00000, 0x0000000090b00000, 0x0000000090c00000|  0%| F|  |TAMS 0x0000000090b00000, 0x0000000090b00000| Untracked 
| 268|0x0000000090c00000, 0x0000000090c00000, 0x0000000090d00000|  0%| F|  |TAMS 0x0000000090c00000, 0x0000000090c00000| Untracked 
| 269|0x0000000090d00000, 0x0000000090d00000, 0x0000000090e00000|  0%| F|  |TAMS 0x0000000090d00000, 0x0000000090d00000| Untracked 
| 270|0x0000000090e00000, 0x0000000090e00000, 0x0000000090f00000|  0%| F|  |TAMS 0x0000000090e00000, 0x0000000090e00000| Untracked 
| 271|0x0000000090f00000, 0x0000000090f00000, 0x0000000091000000|  0%| F|  |TAMS 0x0000000090f00000, 0x0000000090f00000| Untracked 
| 272|0x0000000091000000, 0x0000000091000000, 0x0000000091100000|  0%| F|  |TAMS 0x0000000091000000, 0x0000000091000000| Untracked 
| 273|0x0000000091100000, 0x0000000091100000, 0x0000000091200000|  0%| F|  |TAMS 0x0000000091100000, 0x0000000091100000| Untracked 
| 274|0x0000000091200000, 0x0000000091200000, 0x0000000091300000|  0%| F|  |TAMS 0x0000000091200000, 0x0000000091200000| Untracked 
| 275|0x0000000091300000, 0x0000000091300000, 0x0000000091400000|  0%| F|  |TAMS 0x0000000091300000, 0x0000000091300000| Untracked 
| 276|0x0000000091400000, 0x0000000091400000, 0x0000000091500000|  0%| F|  |TAMS 0x0000000091400000, 0x0000000091400000| Untracked 
| 277|0x0000000091500000, 0x0000000091500000, 0x0000000091600000|  0%| F|  |TAMS 0x0000000091500000, 0x0000000091500000| Untracked 
| 278|0x0000000091600000, 0x0000000091600000, 0x0000000091700000|  0%| F|  |TAMS 0x0000000091600000, 0x0000000091600000| Untracked 
| 279|0x0000000091700000, 0x0000000091700000, 0x0000000091800000|  0%| F|  |TAMS 0x0000000091700000, 0x0000000091700000| Untracked 
| 280|0x0000000091800000, 0x0000000091800000, 0x0000000091900000|  0%| F|  |TAMS 0x0000000091800000, 0x0000000091800000| Untracked 
| 281|0x0000000091900000, 0x0000000091900000, 0x0000000091a00000|  0%| F|  |TAMS 0x0000000091900000, 0x0000000091900000| Untracked 
| 282|0x0000000091a00000, 0x0000000091a00000, 0x0000000091b00000|  0%| F|  |TAMS 0x0000000091a00000, 0x0000000091a00000| Untracked 
| 283|0x0000000091b00000, 0x0000000091b00000, 0x0000000091c00000|  0%| F|  |TAMS 0x0000000091b00000, 0x0000000091b00000| Untracked 
| 284|0x0000000091c00000, 0x0000000091c00000, 0x0000000091d00000|  0%| F|  |TAMS 0x0000000091c00000, 0x0000000091c00000| Untracked 
| 285|0x0000000091d00000, 0x0000000091d00000, 0x0000000091e00000|  0%| F|  |TAMS 0x0000000091d00000, 0x0000000091d00000| Untracked 
| 286|0x0000000091e00000, 0x0000000091e00000, 0x0000000091f00000|  0%| F|  |TAMS 0x0000000091e00000, 0x0000000091e00000| Untracked 
| 287|0x0000000091f00000, 0x0000000091f00000, 0x0000000092000000|  0%| F|  |TAMS 0x0000000091f00000, 0x0000000091f00000| Untracked 
| 288|0x0000000092000000, 0x0000000092000000, 0x0000000092100000|  0%| F|  |TAMS 0x0000000092000000, 0x0000000092000000| Untracked 
| 289|0x0000000092100000, 0x0000000092100000, 0x0000000092200000|  0%| F|  |TAMS 0x0000000092100000, 0x0000000092100000| Untracked 
| 290|0x0000000092200000, 0x0000000092200000, 0x0000000092300000|  0%| F|  |TAMS 0x0000000092200000, 0x0000000092200000| Untracked 
| 291|0x0000000092300000, 0x0000000092300000, 0x0000000092400000|  0%| F|  |TAMS 0x0000000092300000, 0x0000000092300000| Untracked 
| 292|0x0000000092400000, 0x0000000092400000, 0x0000000092500000|  0%| F|  |TAMS 0x0000000092400000, 0x0000000092400000| Untracked 
| 293|0x0000000092500000, 0x0000000092500000, 0x0000000092600000|  0%| F|  |TAMS 0x0000000092500000, 0x0000000092500000| Untracked 
| 294|0x0000000092600000, 0x0000000092600000, 0x0000000092700000|  0%| F|  |TAMS 0x0000000092600000, 0x0000000092600000| Untracked 
| 295|0x0000000092700000, 0x0000000092700000, 0x0000000092800000|  0%| F|  |TAMS 0x0000000092700000, 0x0000000092700000| Untracked 
| 296|0x0000000092800000, 0x0000000092800000, 0x0000000092900000|  0%| F|  |TAMS 0x0000000092800000, 0x0000000092800000| Untracked 
| 297|0x0000000092900000, 0x0000000092900000, 0x0000000092a00000|  0%| F|  |TAMS 0x0000000092900000, 0x0000000092900000| Untracked 
| 298|0x0000000092a00000, 0x0000000092a00000, 0x0000000092b00000|  0%| F|  |TAMS 0x0000000092a00000, 0x0000000092a00000| Untracked 
| 299|0x0000000092b00000, 0x0000000092b00000, 0x0000000092c00000|  0%| F|  |TAMS 0x0000000092b00000, 0x0000000092b00000| Untracked 
| 300|0x0000000092c00000, 0x0000000092c00000, 0x0000000092d00000|  0%| F|  |TAMS 0x0000000092c00000, 0x0000000092c00000| Untracked 
| 301|0x0000000092d00000, 0x0000000092d00000, 0x0000000092e00000|  0%| F|  |TAMS 0x0000000092d00000, 0x0000000092d00000| Untracked 
| 302|0x0000000092e00000, 0x0000000092e00000, 0x0000000092f00000|  0%| F|  |TAMS 0x0000000092e00000, 0x0000000092e00000| Untracked 
| 303|0x0000000092f00000, 0x0000000092f00000, 0x0000000093000000|  0%| F|  |TAMS 0x0000000092f00000, 0x0000000092f00000| Untracked 
| 304|0x0000000093000000, 0x0000000093000000, 0x0000000093100000|  0%| F|  |TAMS 0x0000000093000000, 0x0000000093000000| Untracked 
| 305|0x0000000093100000, 0x0000000093100000, 0x0000000093200000|  0%| F|  |TAMS 0x0000000093100000, 0x0000000093100000| Untracked 
| 306|0x0000000093200000, 0x0000000093200000, 0x0000000093300000|  0%| F|  |TAMS 0x0000000093200000, 0x0000000093200000| Untracked 
| 307|0x0000000093300000, 0x0000000093300000, 0x0000000093400000|  0%| F|  |TAMS 0x0000000093300000, 0x0000000093300000| Untracked 
| 308|0x0000000093400000, 0x0000000093400000, 0x0000000093500000|  0%| F|  |TAMS 0x0000000093400000, 0x0000000093400000| Untracked 
| 309|0x0000000093500000, 0x0000000093500000, 0x0000000093600000|  0%| F|  |TAMS 0x0000000093500000, 0x0000000093500000| Untracked 
| 310|0x0000000093600000, 0x0000000093600000, 0x0000000093700000|  0%| F|  |TAMS 0x0000000093600000, 0x0000000093600000| Untracked 
| 311|0x0000000093700000, 0x0000000093700000, 0x0000000093800000|  0%| F|  |TAMS 0x0000000093700000, 0x0000000093700000| Untracked 
| 312|0x0000000093800000, 0x0000000093800000, 0x0000000093900000|  0%| F|  |TAMS 0x0000000093800000, 0x0000000093800000| Untracked 
| 313|0x0000000093900000, 0x0000000093900000, 0x0000000093a00000|  0%| F|  |TAMS 0x0000000093900000, 0x0000000093900000| Untracked 
| 314|0x0000000093a00000, 0x0000000093a00000, 0x0000000093b00000|  0%| F|  |TAMS 0x0000000093a00000, 0x0000000093a00000| Untracked 
| 315|0x0000000093b00000, 0x0000000093b00000, 0x0000000093c00000|  0%| F|  |TAMS 0x0000000093b00000, 0x0000000093b00000| Untracked 
| 316|0x0000000093c00000, 0x0000000093c00000, 0x0000000093d00000|  0%| F|  |TAMS 0x0000000093c00000, 0x0000000093c00000| Untracked 
| 317|0x0000000093d00000, 0x0000000093d00000, 0x0000000093e00000|  0%| F|  |TAMS 0x0000000093d00000, 0x0000000093d00000| Untracked 
| 318|0x0000000093e00000, 0x0000000093e00000, 0x0000000093f00000|  0%| F|  |TAMS 0x0000000093e00000, 0x0000000093e00000| Untracked 
| 319|0x0000000093f00000, 0x0000000093f00000, 0x0000000094000000|  0%| F|  |TAMS 0x0000000093f00000, 0x0000000093f00000| Untracked 
| 320|0x0000000094000000, 0x0000000094000000, 0x0000000094100000|  0%| F|  |TAMS 0x0000000094000000, 0x0000000094000000| Untracked 
| 321|0x0000000094100000, 0x0000000094100000, 0x0000000094200000|  0%| F|  |TAMS 0x0000000094100000, 0x0000000094100000| Untracked 
| 322|0x0000000094200000, 0x0000000094200000, 0x0000000094300000|  0%| F|  |TAMS 0x0000000094200000, 0x0000000094200000| Untracked 
| 323|0x0000000094300000, 0x0000000094300000, 0x0000000094400000|  0%| F|  |TAMS 0x0000000094300000, 0x0000000094300000| Untracked 
| 324|0x0000000094400000, 0x0000000094400000, 0x0000000094500000|  0%| F|  |TAMS 0x0000000094400000, 0x0000000094400000| Untracked 
| 325|0x0000000094500000, 0x0000000094500000, 0x0000000094600000|  0%| F|  |TAMS 0x0000000094500000, 0x0000000094500000| Untracked 
| 326|0x0000000094600000, 0x0000000094600000, 0x0000000094700000|  0%| F|  |TAMS 0x0000000094600000, 0x0000000094600000| Untracked 
| 327|0x0000000094700000, 0x0000000094700000, 0x0000000094800000|  0%| F|  |TAMS 0x0000000094700000, 0x0000000094700000| Untracked 
| 328|0x0000000094800000, 0x0000000094800000, 0x0000000094900000|  0%| F|  |TAMS 0x0000000094800000, 0x0000000094800000| Untracked 
| 329|0x0000000094900000, 0x0000000094900000, 0x0000000094a00000|  0%| F|  |TAMS 0x0000000094900000, 0x0000000094900000| Untracked 

Card table byte_map: [0x00000299c1010000,0x00000299c1410000] _byte_map_base: 0x00000299c0c10000

Marking Bits (Prev, Next): (CMBitMap*) 0x00000299ac975b00, (CMBitMap*) 0x00000299ac975ac0
 Prev Bits: [0x00000299c3810000, 0x00000299c5810000)
 Next Bits: [0x00000299c1810000, 0x00000299c3810000)

Polling page: 0x00000299ac9e0000

Metaspace:

Usage:
  Non-class:     97.93 MB used.
      Class:     15.56 MB used.
       Both:    113.49 MB used.

Virtual space:
  Non-class space:      104.00 MB reserved,      98.31 MB ( 95%) committed,  13 nodes.
      Class space:        1.00 GB reserved,      15.94 MB (  2%) committed,  1 nodes.
             Both:        1.10 GB reserved,     114.25 MB ( 10%) committed. 

Chunk freelists:
   Non-Class:  1.53 MB
       Class:  94.00 KB
        Both:  1.62 MB

MaxMetaspaceSize: unlimited
CompressedClassSpaceSize: 1.00 GB
Initial GC threshold: 21.00 MB
Current GC threshold: 159.38 MB
CDS: off
MetaspaceReclaimPolicy: balanced
 - commit_granule_bytes: 65536.
 - commit_granule_words: 8192.
 - virtual_space_node_default_size: 1048576.
 - enlarge_chunks_in_place: 1.
 - new_chunks_are_fully_committed: 0.
 - uncommit_free_chunks: 1.
 - use_allocation_guard: 0.
 - handle_deallocations: 1.


Internal statistics:

num_allocs_failed_limit: 6.
num_arena_births: 1088.
num_arena_deaths: 0.
num_vsnodes_births: 14.
num_vsnodes_deaths: 0.
num_space_committed: 1828.
num_space_uncommitted: 0.
num_chunks_returned_to_freelist: 6.
num_chunks_taken_from_freelist: 5428.
num_chunk_merges: 6.
num_chunk_splits: 3653.
num_chunks_enlarged: 2514.
num_purges: 0.
num_inconsistent_stats: 0.

CodeHeap 'non-profiled nmethods': size=120000Kb used=6249Kb max_used=6365Kb free=113750Kb
 bounds [0x00000299b90c0000, 0x00000299b9700000, 0x00000299c05f0000]
CodeHeap 'profiled nmethods': size=120000Kb used=31465Kb max_used=32977Kb free=88534Kb
 bounds [0x00000299b15f0000, 0x00000299b3640000, 0x00000299b8b20000]
CodeHeap 'non-nmethods': size=5760Kb used=2431Kb max_used=2515Kb free=3329Kb
 bounds [0x00000299b8b20000, 0x00000299b8da0000, 0x00000299b90c0000]
 total_blobs=15388 nmethods=14413 adapters=884
 compilation: enabled
              stopped_count=0, restarted_count=0
 full_count=0

Compilation events (20 events):
Event: 49.063 Thread 0x00000299c88235a0 nmethod 17058 0x00000299b2e3da90 code [0x00000299b2e3dc20, 0x00000299b2e3dd48]
Event: 49.066 Thread 0x00000299c88235a0 17059       2       com.android.tools.r8.graph.p0::K1 (8 bytes)
Event: 49.066 Thread 0x00000299c88235a0 nmethod 17059 0x00000299b2e3e510 code [0x00000299b2e3e6a0, 0x00000299b2e3e7c8]
Event: 49.066 Thread 0x00000299c88235a0 17060       2       com.android.tools.r8.graph.F4::i (8 bytes)
Event: 49.066 Thread 0x00000299c88235a0 nmethod 17060 0x00000299b2e41e10 code [0x00000299b2e41fa0, 0x00000299b2e420c8]
Event: 49.072 Thread 0x00000299c88235a0 17061 %     3       com.android.tools.r8.internal.Y9::a @ 1595 (6329 bytes)
Event: 49.114 Thread 0x00000299c88235a0 nmethod 17061% 0x00000299b2c2c190 code [0x00000299b2c2d820, 0x00000299b2c42f58]
Event: 49.114 Thread 0x00000299c88235a0 17063 % !   3       java.util.concurrent.ConcurrentHashMap::putVal @ 212 (432 bytes)
Event: 49.116 Thread 0x00000299c88235a0 nmethod 17063% 0x00000299b2d02b90 code [0x00000299b2d02f00, 0x00000299b2d04e08]
Event: 49.116 Thread 0x00000299c88235a0 17062 %     3       com.android.tools.r8.internal.d6::a @ 54 (186 bytes)
Event: 49.117 Thread 0x00000299c88235a0 nmethod 17062% 0x00000299b1a2d910 code [0x00000299b1a2dc00, 0x00000299b1a2efe8]
Event: 49.117 Thread 0x00000299c88235a0 17064       2       com.android.tools.r8.internal.AR::a (196 bytes)
Event: 49.119 Thread 0x00000299c88235a0 nmethod 17064 0x00000299b1f1ed10 code [0x00000299b1f1efa0, 0x00000299b1f1f828]
Event: 49.120 Thread 0x00000299c88235a0 17066       3       com.android.tools.r8.internal.Wo::e (91 bytes)
Event: 49.120 Thread 0x00000299c88235a0 nmethod 17066 0x00000299b2513390 code [0x00000299b2513560, 0x00000299b2513a38]
Event: 49.128 Thread 0x00000299c88235a0 17067 %     3       com.android.tools.r8.graph.P2::a @ 2 (73 bytes)
Event: 49.129 Thread 0x00000299c88235a0 nmethod 17067% 0x00000299b1a16490 code [0x00000299b1a16660, 0x00000299b1a16b38]
Event: 49.130 Thread 0x00000299c88235a0 17068       2       com.android.tools.r8.internal.qN::equals (18 bytes)
Event: 49.131 Thread 0x00000299c88235a0 nmethod 17068 0x00000299b2180710 code [0x00000299b21808c0, 0x00000299b2180a78]
Event: 49.133 Thread 0x00000299c88235a0 17070 %     3       com.android.tools.r8.ir.optimize.M0::c @ 19 (2356 bytes)

GC Heap History (20 events):
Event: 35.202 GC heap after
{Heap after GC invocations=45 (full 0):
 garbage-first heap   total 168960K, used 91829K [0x0000000080000000, 0x0000000100000000)
  region size 1024K, 1 young (1024K), 1 survivors (1024K)
 Metaspace       used 92412K, committed 93056K, reserved 1130496K
  class space    used 12582K, committed 12864K, reserved 1048576K
}
Event: 37.080 GC heap before
{Heap before GC invocations=45 (full 0):
 garbage-first heap   total 168960K, used 136885K [0x0000000080000000, 0x0000000100000000)
  region size 1024K, 46 young (47104K), 1 survivors (1024K)
 Metaspace       used 96800K, committed 97408K, reserved 1138688K
  class space    used 13171K, committed 13440K, reserved 1048576K
}
Event: 37.098 GC heap after
{Heap after GC invocations=46 (full 0):
 garbage-first heap   total 337920K, used 94664K [0x0000000080000000, 0x0000000100000000)
  region size 1024K, 4 young (4096K), 4 survivors (4096K)
 Metaspace       used 96800K, committed 97408K, reserved 1138688K
  class space    used 13171K, committed 13440K, reserved 1048576K
}
Event: 42.410 GC heap before
{Heap before GC invocations=47 (full 0):
 garbage-first heap   total 324608K, used 263624K [0x0000000080000000, 0x0000000100000000)
  region size 1024K, 168 young (172032K), 4 survivors (4096K)
 Metaspace       used 110261K, committed 110976K, reserved 1146880K
  class space    used 15205K, committed 15552K, reserved 1048576K
}
Event: 42.457 GC heap after
{Heap after GC invocations=48 (full 0):
 garbage-first heap   total 324608K, used 118433K [0x0000000080000000, 0x0000000100000000)
  region size 1024K, 21 young (21504K), 21 survivors (21504K)
 Metaspace       used 110261K, committed 110976K, reserved 1146880K
  class space    used 15205K, committed 15552K, reserved 1048576K
}
Event: 42.494 GC heap before
{Heap before GC invocations=48 (full 0):
 garbage-first heap   total 324608K, used 119457K [0x0000000080000000, 0x0000000100000000)
  region size 1024K, 22 young (22528K), 21 survivors (21504K)
 Metaspace       used 110277K, committed 110976K, reserved 1146880K
  class space    used 15208K, committed 15552K, reserved 1048576K
}
Event: 42.526 GC heap after
{Heap after GC invocations=49 (full 0):
 garbage-first heap   total 324608K, used 117632K [0x0000000080000000, 0x0000000100000000)
  region size 1024K, 2 young (2048K), 2 survivors (2048K)
 Metaspace       used 110277K, committed 110976K, reserved 1146880K
  class space    used 15208K, committed 15552K, reserved 1048576K
}
Event: 43.938 GC heap before
{Heap before GC invocations=49 (full 0):
 garbage-first heap   total 324608K, used 235392K [0x0000000080000000, 0x0000000100000000)
  region size 1024K, 118 young (120832K), 2 survivors (2048K)
 Metaspace       used 113828K, committed 114560K, reserved 1155072K
  class space    used 15690K, committed 16000K, reserved 1048576K
}
Event: 43.969 GC heap after
{Heap after GC invocations=50 (full 0):
 garbage-first heap   total 324608K, used 130334K [0x0000000080000000, 0x0000000100000000)
  region size 1024K, 15 young (15360K), 15 survivors (15360K)
 Metaspace       used 113828K, committed 114560K, reserved 1155072K
  class space    used 15690K, committed 16000K, reserved 1048576K
}
Event: 45.898 GC heap before
{Heap before GC invocations=50 (full 0):
 garbage-first heap   total 324608K, used 242974K [0x0000000080000000, 0x0000000100000000)
  region size 1024K, 126 young (129024K), 15 survivors (15360K)
 Metaspace       used 115475K, committed 116224K, reserved 1155072K
  class space    used 15888K, committed 16192K, reserved 1048576K
}
Event: 45.923 GC heap after
{Heap after GC invocations=51 (full 0):
 garbage-first heap   total 324608K, used 135723K [0x0000000080000000, 0x0000000100000000)
  region size 1024K, 7 young (7168K), 7 survivors (7168K)
 Metaspace       used 115475K, committed 116224K, reserved 1155072K
  class space    used 15888K, committed 16192K, reserved 1048576K
}
Event: 47.011 GC heap before
{Heap before GC invocations=51 (full 0):
 garbage-first heap   total 324608K, used 251435K [0x0000000080000000, 0x0000000100000000)
  region size 1024K, 121 young (123904K), 7 survivors (7168K)
 Metaspace       used 115706K, committed 116416K, reserved 1155072K
  class space    used 15895K, committed 16192K, reserved 1048576K
}
Event: 47.028 GC heap after
{Heap after GC invocations=52 (full 0):
 garbage-first heap   total 324608K, used 141355K [0x0000000080000000, 0x0000000100000000)
  region size 1024K, 12 young (12288K), 12 survivors (12288K)
 Metaspace       used 115706K, committed 116416K, reserved 1155072K
  class space    used 15895K, committed 16192K, reserved 1048576K
}
Event: 47.779 GC heap before
{Heap before GC invocations=52 (full 0):
 garbage-first heap   total 324608K, used 258091K [0x0000000080000000, 0x0000000100000000)
  region size 1024K, 127 young (130048K), 12 survivors (12288K)
 Metaspace       used 115774K, committed 116480K, reserved 1155072K
  class space    used 15895K, committed 16192K, reserved 1048576K
}
Event: 47.802 GC heap after
{Heap after GC invocations=53 (full 0):
 garbage-first heap   total 324608K, used 149579K [0x0000000080000000, 0x0000000100000000)
  region size 1024K, 15 young (15360K), 15 survivors (15360K)
 Metaspace       used 115774K, committed 116480K, reserved 1155072K
  class space    used 15895K, committed 16192K, reserved 1048576K
}
Event: 48.402 GC heap before
{Heap before GC invocations=53 (full 0):
 garbage-first heap   total 324608K, used 259147K [0x0000000080000000, 0x0000000100000000)
  region size 1024K, 123 young (125952K), 15 survivors (15360K)
 Metaspace       used 115967K, committed 116736K, reserved 1155072K
  class space    used 15916K, committed 16256K, reserved 1048576K
}
Event: 48.426 GC heap after
{Heap after GC invocations=54 (full 0):
 garbage-first heap   total 324608K, used 155317K [0x0000000080000000, 0x0000000100000000)
  region size 1024K, 7 young (7168K), 7 survivors (7168K)
 Metaspace       used 115967K, committed 116736K, reserved 1155072K
  class space    used 15916K, committed 16256K, reserved 1048576K
}
Event: 48.804 GC heap before
{Heap before GC invocations=54 (full 0):
 garbage-first heap   total 324608K, used 262837K [0x0000000080000000, 0x0000000100000000)
  region size 1024K, 113 young (115712K), 7 survivors (7168K)
 Metaspace       used 116153K, committed 116928K, reserved 1155072K
  class space    used 15934K, committed 16320K, reserved 1048576K
}
Event: 48.829 GC heap after
{Heap after GC invocations=55 (full 0):
 garbage-first heap   total 324608K, used 161866K [0x0000000080000000, 0x0000000100000000)
  region size 1024K, 14 young (14336K), 14 survivors (14336K)
 Metaspace       used 116153K, committed 116928K, reserved 1155072K
  class space    used 15934K, committed 16320K, reserved 1048576K
}
Event: 49.152 GC heap before
{Heap before GC invocations=55 (full 0):
 garbage-first heap   total 324608K, used 265290K [0x0000000080000000, 0x0000000100000000)
  region size 1024K, 116 young (118784K), 14 survivors (14336K)
 Metaspace       used 116214K, committed 116992K, reserved 1155072K
  class space    used 15937K, committed 16320K, reserved 1048576K
}

Dll operation events (2 events):
Event: 0.019 Loaded shared library D:\New folder\jbr\bin\java.dll
Event: 0.694 Loaded shared library D:\New folder\jbr\bin\verify.dll

Deoptimization events (20 events):
Event: 48.723 Thread 0x00000299c9642640 Uncommon trap: trap_request=0xffffffde fr.pc=0x00000299b965d394 relative=0x0000000000001f74
Event: 48.723 Thread 0x00000299c9642640 Uncommon trap: reason=class_check action=maybe_recompile pc=0x00000299b965d394 method=com.android.tools.r8.internal.V7.h(I)Lcom/android/tools/r8/internal/T7; @ 54 c2
Event: 48.723 Thread 0x00000299c9642640 DEOPT PACKING pc=0x00000299b965d394 sp=0x000000f635df9db0
Event: 48.723 Thread 0x00000299c9642640 DEOPT UNPACKING pc=0x00000299b8b769a3 sp=0x000000f635df9de0 mode 2
Event: 48.773 Thread 0x00000299c9642640 Uncommon trap: trap_request=0xffffffde fr.pc=0x00000299b965d394 relative=0x0000000000001f74
Event: 48.773 Thread 0x00000299c9642640 Uncommon trap: reason=class_check action=maybe_recompile pc=0x00000299b965d394 method=com.android.tools.r8.internal.V7.h(I)Lcom/android/tools/r8/internal/T7; @ 54 c2
Event: 48.773 Thread 0x00000299c9642640 DEOPT PACKING pc=0x00000299b965d394 sp=0x000000f635df9d70
Event: 48.773 Thread 0x00000299c9642640 DEOPT UNPACKING pc=0x00000299b8b769a3 sp=0x000000f635df9da0 mode 2
Event: 48.832 Thread 0x00000299ca1833e0 Uncommon trap: trap_request=0xffffff45 fr.pc=0x00000299b91669ac relative=0x000000000000118c
Event: 48.832 Thread 0x00000299ca1833e0 Uncommon trap: reason=unstable_if action=reinterpret pc=0x00000299b91669ac method=java.util.concurrent.ConcurrentHashMap.putVal(Ljava/lang/Object;Ljava/lang/Object;Z)Ljava/lang/Object; @ 401 c2
Event: 48.832 Thread 0x00000299ca1833e0 DEOPT PACKING pc=0x00000299b91669ac sp=0x000000f6351fa370
Event: 48.832 Thread 0x00000299ca1833e0 DEOPT UNPACKING pc=0x00000299b8b769a3 sp=0x000000f6351fa300 mode 2
Event: 48.846 Thread 0x00000299c9642640 DEOPT PACKING pc=0x00000299b2f1fa14 sp=0x000000f635df9f00
Event: 48.846 Thread 0x00000299c9642640 DEOPT UNPACKING pc=0x00000299b8b77143 sp=0x000000f635df93c8 mode 0
Event: 48.958 Thread 0x00000299ca185f30 DEOPT PACKING pc=0x00000299b2ca87d1 sp=0x000000f6358f94b0
Event: 48.958 Thread 0x00000299ca185f30 DEOPT UNPACKING pc=0x00000299b8b77143 sp=0x000000f6358f8a10 mode 0
Event: 49.012 Thread 0x00000299ca1833e0 Uncommon trap: trap_request=0xffffff45 fr.pc=0x00000299b9616c28 relative=0x00000000000097c8
Event: 49.012 Thread 0x00000299ca1833e0 Uncommon trap: reason=unstable_if action=reinterpret pc=0x00000299b9616c28 method=com.android.tools.r8.internal.Y9.a(Lcom/android/tools/r8/internal/iB;Lcom/android/tools/r8/internal/xc;I)V @ 2314 c2
Event: 49.012 Thread 0x00000299ca1833e0 DEOPT PACKING pc=0x00000299b9616c28 sp=0x000000f6351f9c10
Event: 49.012 Thread 0x00000299ca1833e0 DEOPT UNPACKING pc=0x00000299b8b769a3 sp=0x000000f6351f9bc8 mode 2

Classes unloaded (0 events):
No events

Classes redefined (0 events):
No events

Internal exceptions (20 events):
Event: 47.095 Thread 0x00000299ca182a40 Exception <a 'sun/nio/fs/WindowsException'{0x0000000092b08468}> (0x0000000092b08468) 
thrown [s\src\hotspot\share\prims\jni.cpp, line 517]
Event: 47.125 Thread 0x00000299ca182a40 Exception <a 'sun/nio/fs/WindowsException'{0x00000000926e26f8}> (0x00000000926e26f8) 
thrown [s\src\hotspot\share\prims\jni.cpp, line 517]
Event: 47.263 Thread 0x00000299ca181bd0 Exception <a 'sun/nio/fs/WindowsException'{0x00000000909013b8}> (0x00000000909013b8) 
thrown [s\src\hotspot\share\prims\jni.cpp, line 517]
Event: 47.263 Thread 0x00000299ca181bd0 Exception <a 'sun/nio/fs/WindowsException'{0x00000000909017c8}> (0x00000000909017c8) 
thrown [s\src\hotspot\share\prims\jni.cpp, line 517]
Event: 47.485 Thread 0x00000299ca181bd0 Exception <a 'sun/nio/fs/WindowsException'{0x000000008e727128}> (0x000000008e727128) 
thrown [s\src\hotspot\share\prims\jni.cpp, line 517]
Event: 47.966 Thread 0x00000299ca185f30 Exception <a 'java/lang/NoSuchMethodError'{0x00000000925ebdc8}: 'int java.lang.invoke.DirectMethodHandle$Holder.invokeInterface(java.lang.Object, java.lang.Object, int)'> (0x00000000925ebdc8) 
thrown [s\src\hotspot\share\interpreter\linkResolver.cpp, line 771]
Event: 48.082 Thread 0x00000299ca181bd0 Exception <a 'sun/nio/fs/WindowsException'{0x0000000090c04958}> (0x0000000090c04958) 
thrown [s\src\hotspot\share\prims\jni.cpp, line 517]
Event: 48.115 Thread 0x00000299c9642b10 Exception <a 'sun/nio/fs/WindowsException'{0x00000000908a2a30}> (0x00000000908a2a30) 
thrown [s\src\hotspot\share\prims\jni.cpp, line 517]
Event: 48.116 Thread 0x00000299c9642b10 Exception <a 'sun/nio/fs/WindowsException'{0x00000000908a2e10}> (0x00000000908a2e10) 
thrown [s\src\hotspot\share\prims\jni.cpp, line 517]
Event: 48.118 Thread 0x00000299c9642b10 Exception <a 'sun/nio/fs/WindowsException'{0x00000000908f51d8}> (0x00000000908f51d8) 
thrown [s\src\hotspot\share\prims\jni.cpp, line 517]
Event: 48.258 Thread 0x00000299c9642b10 Exception <a 'sun/nio/fs/WindowsException'{0x000000008e76efd8}> (0x000000008e76efd8) 
thrown [s\src\hotspot\share\prims\jni.cpp, line 517]
Event: 48.260 Thread 0x00000299c9642b10 Implicit null exception at 0x00000299b9629780 to 0x00000299b9629ebc
Event: 48.390 Thread 0x00000299ca1833e0 Exception <a 'sun/nio/fs/WindowsException'{0x000000008d2a7920}> (0x000000008d2a7920) 
thrown [s\src\hotspot\share\prims\jni.cpp, line 517]
Event: 48.390 Thread 0x00000299ca1833e0 Exception <a 'sun/nio/fs/WindowsException'{0x000000008d2a7cf0}> (0x000000008d2a7cf0) 
thrown [s\src\hotspot\share\prims\jni.cpp, line 517]
Event: 48.533 Thread 0x00000299c963ffc0 Exception <a 'sun/nio/fs/WindowsException'{0x000000009314d668}> (0x000000009314d668) 
thrown [s\src\hotspot\share\prims\jni.cpp, line 517]
Event: 48.609 Thread 0x00000299ca17f080 Exception <a 'sun/nio/fs/WindowsException'{0x0000000091505ca8}> (0x0000000091505ca8) 
thrown [s\src\hotspot\share\prims\jni.cpp, line 517]
Event: 48.609 Thread 0x00000299ca17f080 Exception <a 'sun/nio/fs/WindowsException'{0x0000000091506090}> (0x0000000091506090) 
thrown [s\src\hotspot\share\prims\jni.cpp, line 517]
Event: 48.616 Thread 0x00000299ca1833e0 Exception <a 'sun/nio/fs/WindowsException'{0x000000009145eb88}> (0x000000009145eb88) 
thrown [s\src\hotspot\share\prims\jni.cpp, line 517]
Event: 48.628 Thread 0x00000299ca17f080 Exception <a 'sun/nio/fs/WindowsException'{0x000000009100e8a0}> (0x000000009100e8a0) 
thrown [s\src\hotspot\share\prims\jni.cpp, line 517]
Event: 48.643 Thread 0x00000299c9642640 Exception <a 'java/lang/NoSuchMethodError'{0x000000009187d9d8}: 'void java.lang.invoke.DirectMethodHandle$Holder.invokeSpecialIFC(java.lang.Object, java.lang.Object, java.lang.Object, java.lang.Object)'> (0x000000009187d9d8) 
thrown [s\src\hotspot\share\interpreter\linkResolver.cpp, line 771]

VM Operations (20 events):
Event: 47.845 Executing VM operation: G1CollectForAllocation done
Event: 48.040 Executing VM operation: ICBufferFull
Event: 48.048 Executing VM operation: ICBufferFull done
Event: 48.153 Executing VM operation: HandshakeAllThreads
Event: 48.204 Executing VM operation: HandshakeAllThreads done
Event: 48.233 Executing VM operation: ICBufferFull
Event: 48.244 Executing VM operation: ICBufferFull done
Event: 48.262 Executing VM operation: HandshakeAllThreads
Event: 48.264 Executing VM operation: HandshakeAllThreads done
Event: 48.324 Executing VM operation: HandshakeAllThreads
Event: 48.324 Executing VM operation: HandshakeAllThreads done
Event: 48.402 Executing VM operation: G1CollectForAllocation
Event: 48.427 Executing VM operation: G1CollectForAllocation done
Event: 48.442 Executing VM operation: HandshakeAllThreads
Event: 48.442 Executing VM operation: HandshakeAllThreads done
Event: 48.800 Executing VM operation: ICBufferFull
Event: 48.804 Executing VM operation: ICBufferFull done
Event: 48.804 Executing VM operation: G1CollectForAllocation
Event: 48.830 Executing VM operation: G1CollectForAllocation done
Event: 49.152 Executing VM operation: G1CollectForAllocation

Events (20 events):
Event: 48.352 Thread 0x00000299c8824730 flushing nmethod 0x00000299b3061a10
Event: 48.352 Thread 0x00000299c8824730 flushing nmethod 0x00000299b3065d10
Event: 48.352 Thread 0x00000299c8824730 flushing nmethod 0x00000299b306b390
Event: 48.352 Thread 0x00000299c8824730 flushing nmethod 0x00000299b306be10
Event: 48.352 Thread 0x00000299c8824730 flushing nmethod 0x00000299b3075310
Event: 48.353 Thread 0x00000299c8824730 flushing nmethod 0x00000299b3100410
Event: 48.353 Thread 0x00000299c8824730 flushing nmethod 0x00000299b3100d90
Event: 48.353 Thread 0x00000299c8824730 flushing nmethod 0x00000299b3102b90
Event: 48.353 Thread 0x00000299c8824730 flushing nmethod 0x00000299b310ec10
Event: 48.353 Thread 0x00000299c8824730 flushing nmethod 0x00000299b310f090
Event: 48.353 Thread 0x00000299c8824730 flushing nmethod 0x00000299b310fa10
Event: 48.353 Thread 0x00000299c8824730 flushing nmethod 0x00000299b310fe90
Event: 48.353 Thread 0x00000299c8824730 flushing nmethod 0x00000299b3110c10
Event: 48.353 Thread 0x00000299c8824730 flushing nmethod 0x00000299b3115490
Event: 48.354 Thread 0x00000299c8824730 flushing nmethod 0x00000299b3380c90
Event: 48.355 Thread 0x00000299c8824730 flushing nmethod 0x00000299b344a590
Event: 48.832 loading class java/util/concurrent/ConcurrentHashMap$TreeNode
Event: 48.832 loading class java/util/concurrent/ConcurrentHashMap$TreeNode done
Event: 48.832 loading class java/util/concurrent/ConcurrentHashMap$TreeBin
Event: 48.850 loading class java/util/concurrent/ConcurrentHashMap$TreeBin done


Dynamic libraries:
0x00007ff7661f0000 - 0x00007ff7661fa000 	D:\New folder\jbr\bin\java.exe
0x00007ff9c1e90000 - 0x00007ff9c20a4000 	C:\Windows\SYSTEM32\ntdll.dll
0x00007ff9c17e0000 - 0x00007ff9c18a2000 	C:\Windows\System32\KERNEL32.DLL
0x00007ff9bf480000 - 0x00007ff9bf823000 	C:\Windows\System32\KERNELBASE.dll
0x00007ff9bf360000 - 0x00007ff9bf471000 	C:\Windows\System32\ucrtbase.dll
0x00007ff98a850000 - 0x00007ff98a86b000 	D:\New folder\jbr\bin\VCRUNTIME140.dll
0x00007ff98b080000 - 0x00007ff98b097000 	D:\New folder\jbr\bin\jli.dll
0x00007ff9bffe0000 - 0x00007ff9c018b000 	C:\Windows\System32\USER32.dll
0x00007ff9bf290000 - 0x00007ff9bf2b6000 	C:\Windows\System32\win32u.dll
0x00007ff9bffa0000 - 0x00007ff9bffc9000 	C:\Windows\System32\GDI32.dll
0x00007ff9bfae0000 - 0x00007ff9bfbf9000 	C:\Windows\System32\gdi32full.dll
0x00007ff9bf2c0000 - 0x00007ff9bf35a000 	C:\Windows\System32\msvcp_win.dll
0x00007ff9abaf0000 - 0x00007ff9abd7e000 	C:\Windows\WinSxS\amd64_microsoft.windows.common-controls_6595b64144ccf1df_6.0.22621.1635_none_270f70857386168e\COMCTL32.dll
0x00007ff9c15e0000 - 0x00007ff9c1687000 	C:\Windows\System32\msvcrt.dll
0x00007ff9bfc70000 - 0x00007ff9bfca1000 	C:\Windows\System32\IMM32.DLL
0x00007ff99b650000 - 0x00007ff99b65c000 	D:\New folder\jbr\bin\vcruntime140_1.dll
0x00007ff969e20000 - 0x00007ff969ead000 	D:\New folder\jbr\bin\msvcp140.dll
0x00007ff94a2f0000 - 0x00007ff94af5d000 	D:\New folder\jbr\bin\server\jvm.dll
0x00007ff9c1110000 - 0x00007ff9c11be000 	C:\Windows\System32\ADVAPI32.dll
0x00007ff9c16b0000 - 0x00007ff9c1754000 	C:\Windows\System32\sechost.dll
0x00007ff9c07f0000 - 0x00007ff9c0907000 	C:\Windows\System32\RPCRT4.dll
0x00007ff9b9e60000 - 0x00007ff9b9e69000 	C:\Windows\SYSTEM32\WSOCK32.dll
0x00007ff9c1a20000 - 0x00007ff9c1a91000 	C:\Windows\System32\WS2_32.dll
0x00007ff9b8ff0000 - 0x00007ff9b9024000 	C:\Windows\SYSTEM32\WINMM.dll
0x00007ff9b9030000 - 0x00007ff9b903a000 	C:\Windows\SYSTEM32\VERSION.dll
0x00007ff9be3d0000 - 0x00007ff9be3e8000 	C:\Windows\SYSTEM32\kernel.appcore.dll
0x00007ff9b9da0000 - 0x00007ff9b9daa000 	D:\New folder\jbr\bin\jimage.dll
0x00007ff9a8400000 - 0x00007ff9a862e000 	C:\Windows\SYSTEM32\DBGHELP.DLL
0x00007ff9c11c0000 - 0x00007ff9c1549000 	C:\Windows\System32\combase.dll
0x00007ff9c1b00000 - 0x00007ff9c1bd7000 	C:\Windows\System32\OLEAUT32.dll
0x00007ff9a5f10000 - 0x00007ff9a5f42000 	C:\Windows\SYSTEM32\dbgcore.DLL
0x00007ff9bf830000 - 0x00007ff9bf8ab000 	C:\Windows\System32\bcryptPrimitives.dll
0x00007ff9a9b70000 - 0x00007ff9a9b95000 	D:\New folder\jbr\bin\java.dll
0x00007ff9adc10000 - 0x00007ff9adc28000 	D:\New folder\jbr\bin\zip.dll
0x00007ff9c0910000 - 0x00007ff9c110a000 	C:\Windows\System32\SHELL32.dll
0x00007ff9bd2a0000 - 0x00007ff9bdb6e000 	C:\Windows\SYSTEM32\windows.storage.dll
0x00007ff9bd160000 - 0x00007ff9bd29e000 	C:\Windows\SYSTEM32\wintypes.dll
0x00007ff9c0260000 - 0x00007ff9c0351000 	C:\Windows\System32\SHCORE.dll
0x00007ff9c1aa0000 - 0x00007ff9c1afe000 	C:\Windows\System32\shlwapi.dll
0x00007ff9bf1c0000 - 0x00007ff9bf1e1000 	C:\Windows\SYSTEM32\profapi.dll
0x00007ff9ace40000 - 0x00007ff9ace59000 	D:\New folder\jbr\bin\net.dll
0x00007ff9b88b0000 - 0x00007ff9b89e7000 	C:\Windows\SYSTEM32\WINHTTP.dll
0x00007ff9be840000 - 0x00007ff9be8a9000 	C:\Windows\system32\mswsock.dll
0x00007ff9abef0000 - 0x00007ff9abf06000 	D:\New folder\jbr\bin\nio.dll
0x00007ff9acd70000 - 0x00007ff9acd80000 	D:\New folder\jbr\bin\verify.dll
0x00007ff98f680000 - 0x00007ff98f6a7000 	C:\Users\LUMBANI\.gradle\native\68d5fa5c4cc2d200863cafc0d521ce42e7d3e7ee720ec0a83991735586a16f82\windows-amd64\native-platform.dll
0x00007ff960000000 - 0x00007ff960144000 	C:\Users\LUMBANI\.gradle\native\e376f236ea51e6404a007f0833ffe2c6e607c4080706a723a18a27aeea778392\windows-amd64\native-platform-file-events.dll
0x00007ff9b0700000 - 0x00007ff9b0709000 	D:\New folder\jbr\bin\management.dll
0x00007ff9ad020000 - 0x00007ff9ad02b000 	D:\New folder\jbr\bin\management_ext.dll
0x00007ff9c19b0000 - 0x00007ff9c19b8000 	C:\Windows\System32\PSAPI.DLL
0x00007ff9beab0000 - 0x00007ff9beacb000 	C:\Windows\SYSTEM32\CRYPTSP.dll
0x00007ff9be340000 - 0x00007ff9be375000 	C:\Windows\system32\rsaenh.dll
0x00007ff9be940000 - 0x00007ff9be968000 	C:\Windows\SYSTEM32\USERENV.dll
0x00007ff9bec40000 - 0x00007ff9bec68000 	C:\Windows\SYSTEM32\bcrypt.dll
0x00007ff9beaa0000 - 0x00007ff9beaac000 	C:\Windows\SYSTEM32\CRYPTBASE.dll
0x00007ff9bde40000 - 0x00007ff9bde6d000 	C:\Windows\SYSTEM32\IPHLPAPI.DLL
0x00007ff9bffd0000 - 0x00007ff9bffd9000 	C:\Windows\System32\NSI.dll
0x00007ff9b9040000 - 0x00007ff9b9059000 	C:\Windows\SYSTEM32\dhcpcsvc6.DLL
0x00007ff9b7e30000 - 0x00007ff9b7e4f000 	C:\Windows\SYSTEM32\dhcpcsvc.DLL
0x00007ff9bdeb0000 - 0x00007ff9bdfa3000 	C:\Windows\SYSTEM32\DNSAPI.dll
0x00007ff9acf10000 - 0x00007ff9acf18000 	C:\Windows\system32\wshunix.dll
0x00007ff9ace00000 - 0x00007ff9ace07000 	D:\New folder\jbr\bin\rmi.dll
0x00007ff9985c0000 - 0x00007ff9985de000 	C:\Users\LUMBANI\AppData\Local\Temp\native-platform16255815216754616442dir\native-platform.dll

dbghelp: loaded successfully - version: 4.0.5 - missing functions: none
symbol engine: initialized successfully - sym options: 0x614 - pdb path: .;D:\New folder\jbr\bin;C:\Windows\SYSTEM32;C:\Windows\WinSxS\amd64_microsoft.windows.common-controls_6595b64144ccf1df_6.0.22621.1635_none_270f70857386168e;D:\New folder\jbr\bin\server;C:\Users\LUMBANI\.gradle\native\68d5fa5c4cc2d200863cafc0d521ce42e7d3e7ee720ec0a83991735586a16f82\windows-amd64;C:\Users\LUMBANI\.gradle\native\e376f236ea51e6404a007f0833ffe2c6e607c4080706a723a18a27aeea778392\windows-amd64;C:\Users\LUMBANI\AppData\Local\Temp\native-platform16255815216754616442dir

VM Arguments:
jvm_args: --add-opens=java.base/java.util=ALL-UNNAMED --add-opens=java.base/java.lang=ALL-UNNAMED --add-opens=java.base/java.lang.invoke=ALL-UNNAMED --add-opens=java.prefs/java.util.prefs=ALL-UNNAMED --add-opens=java.base/java.nio.charset=ALL-UNNAMED --add-opens=java.base/java.net=ALL-UNNAMED --add-opens=java.base/java.util.concurrent.atomic=ALL-UNNAMED -Xmx2048m -Dfile.encoding=UTF-8 -Duser.country=US -Duser.language=en -Duser.variant 
java_command: org.gradle.launcher.daemon.bootstrap.GradleDaemon 8.0.2
java_class_path (initial): C:\Users\LUMBANI\.gradle\wrapper\dists\gradle-8.0.2-bin\25jlreiuz6u3xu2phlpa2vv4m\gradle-8.0.2\lib\gradle-launcher-8.0.2.jar
Launcher Type: SUN_STANDARD

[Global flags]
     intx CICompilerCount                          = 3                                         {product} {ergonomic}
     uint ConcGCThreads                            = 1                                         {product} {ergonomic}
     uint G1ConcRefinementThreads                  = 4                                         {product} {ergonomic}
   size_t G1HeapRegionSize                         = 1048576                                   {product} {ergonomic}
    uintx GCDrainStackTargetSize                   = 64                                        {product} {ergonomic}
   size_t InitialHeapSize                          = 134217728                                 {product} {ergonomic}
   size_t MarkStackSize                            = 4194304                                   {product} {ergonomic}
   size_t MaxHeapSize                              = 2147483648                                {product} {command line}
   size_t MaxNewSize                               = 1287651328                                {product} {ergonomic}
   size_t MinHeapDeltaBytes                        = 1048576                                   {product} {ergonomic}
   size_t MinHeapSize                              = 8388608                                   {product} {ergonomic}
    uintx NonNMethodCodeHeapSize                   = 5832780                                {pd product} {ergonomic}
    uintx NonProfiledCodeHeapSize                  = 122912730                              {pd product} {ergonomic}
    uintx ProfiledCodeHeapSize                     = 122912730                              {pd product} {ergonomic}
    uintx ReservedCodeCacheSize                    = 251658240                              {pd product} {ergonomic}
     bool SegmentedCodeCache                       = true                                      {product} {ergonomic}
   size_t SoftMaxHeapSize                          = 2147483648                             {manageable} {ergonomic}
     bool UseCompressedClassPointers               = true                           {product lp64_product} {ergonomic}
     bool UseCompressedOops                        = true                           {product lp64_product} {ergonomic}
     bool UseG1GC                                  = true                                      {product} {ergonomic}
     bool UseLargePagesIndividualAllocation        = false                                  {pd product} {ergonomic}

Logging:
Log output configuration:
 #0: stdout all=warning uptime,level,tags
 #1: stderr all=off uptime,level,tags

Environment Variables:
PATH=C:\xampp2\php;C:\Windows\system32;C:\Windows;C:\Windows\System32\Wbem;C:\Windows\System32\WindowsPowerShell\v1.0\;C:\Windows\System32\OpenSSH\;C:\xampp\php;C:\Program Files\nodejs\;C:\Program Files\Microsoft SQL Server\150\Tools\Binn\;C:\Program Files\Microsoft SQL Server\Client SDK\ODBC\170\Tools\Binn\;C:\Program Files\dotnet\;C:\Program Files\Git\cmd;C:\ProgramData\ComposerSetup\bin;C:\Users\LUMBANI\AppData\Local\Programs\Python\Python311\Scripts\;C:\Users\LUMBANI\AppData\Local\Programs\Python\Python311\;C:\Users\LUMBANI\AppData\Local\Microsoft\WindowsApps;C:\Users\LUMBANI\AppData\Local\GitHubDesktop\bin;C:\Users\LUMBANI\AppData\Local\Programs\Microsoft VS Code\bin;C:\Users\LUMBANI\AppData\Roaming\npm;C:\Users\LUMBANI\.dotnet\tools;C:\Users\LUMBANI\AppData\Roaming\Composer\vendor\bin
USERNAME=LUMBANI
OS=Windows_NT
PROCESSOR_IDENTIFIER=Intel64 Family 6 Model 142 Stepping 9, GenuineIntel
TMP=C:\Users\LUMBANI\AppData\Local\Temp
TEMP=C:\Users\LUMBANI\AppData\Local\Temp



---------------  S Y S T E M  ---------------

OS:
 Windows 11 , 64 bit Build 22621 (10.0.22621.1778)
OS uptime: 1 days 13:22 hours

CPU: total 4 (initial active 4) (2 cores per cpu, 2 threads per core) family 6 model 142 stepping 9 microcode 0xde, cx8, cmov, fxsr, ht, mmx, 3dnowpref, sse, sse2, sse3, ssse3, sse4.1, sse4.2, popcnt, lzcnt, tsc, tscinvbit, avx, avx2, aes, erms, clmul, bmi1, bmi2, adx, fma, vzeroupper, clflush, clflushopt

Memory: 4k page, system-wide physical 8094M (166M free)
TotalPageFile size 13962M (AvailPageFile size 35M)
current process WorkingSet (physical memory assigned to process): 541M, peak: 569M
current process commit charge ("private bytes"): 713M, peak: 1036M

vm_info: OpenJDK 64-Bit Server VM (17.0.6+0-b2043.56-9586694) for windows-amd64 JRE (17.0.6+0-b2043.56-9586694), built on Feb  9 2023 20:06:20 by "androidbuild" with MS VC++ 16.10 / 16.11 (VS2019)

END.
